3503
188 0 199 0
176 0 187 0
164 0 175 0
152 0 163 0
140 0 151 0
128 0 139 0
116 0 127 0
104 0 115 0
80 0 91 0
68 0 79 0
56 0 67 0
44 0 55 0
8 0 19 0
0 0 7 0
152 1 163 1
140 1 151 1
104 1 115 1
92 1 103 1
80 1 91 1
68 1 79 1
44 1 55 1
32 1 43 1
8 1 19 1
188 2 199 2
176 2 187 2
152 2 163 2
140 2 151 2
128 2 139 2
116 2 127 2
104 2 115 2
92 2 103 2
80 2 91 2
68 2 79 2
56 2 67 2
44 2 55 2
32 2 43 2
20 2 31 2
8 2 19 2
188 3 199 3
176 3 187 3
164 3 175 3
152 3 163 3
140 3 151 3
128 3 139 3
116 3 127 3
104 3 115 3
92 3 103 3
80 3 91 3
68 3 79 3
56 3 67 3
44 3 55 3
32 3 43 3
20 3 31 3
8 3 19 3
188 4 199 4
176 4 187 4
164 4 175 4
152 4 163 4
140 4 151 4
128 4 139 4
116 4 127 4
104 4 115 4
92 4 103 4
80 4 91 4
68 4 79 4
56 4 67 4
44 4 55 4
20 4 31 4
176 5 187 5
152 5 163 5
128 5 139 5
116 5 127 5
104 5 115 5
92 5 103 5
80 5 91 5
68 5 79 5
56 5 67 5
44 5 55 5
32 5 43 5
20 5 31 5
8 5 19 5
188 6 199 6
176 6 187 6
152 6 163 6
140 6 151 6
116 6 127 6
104 6 115 6
92 6 103 6
80 6 91 6
68 6 79 6
44 6 55 6
32 6 43 6
20 6 31 6
8 6 19 6
188 7 199 7
176 7 187 7
164 7 175 7
152 7 163 7
140 7 151 7
128 7 139 7
116 7 127 7
104 7 115 7
80 7 91 7
68 7 79 7
56 7 67 7
44 7 55 7
32 7 43 7
20 7 31 7
8 7 19 7
176 8 187 8
164 8 175 8
152 8 163 8
140 8 151 8
128 8 139 8
116 8 127 8
92 8 103 8
80 8 91 8
68 8 79 8
56 8 67 8
44 8 55 8
32 8 43 8
20 8 31 8
188 9 199 9
176 9 187 9
164 9 175 9
152 9 163 9
140 9 151 9
128 9 139 9
116 9 127 9
92 9 103 9
80 9 91 9
68 9 79 9
56 9 67 9
44 9 55 9
32 9 43 9
20 9 31 9
188 10 199 10
176 10 187 10
152 10 163 10
140 10 151 10
128 10 139 10
116 10 127 10
92 10 103 10
68 10 79 10
56 10 67 10
32 10 43 10
20 10 31 10
8 10 19 10
188 11 199 11
176 11 187 11
152 11 163 11
140 11 151 11
128 11 139 11
116 11 127 11
104 11 115 11
92 11 103 11
80 11 91 11
68 11 79 11
56 11 67 11
44 11 55 11
32 11 43 11
20 11 31 11
8 11 19 11
176 12 187 12
164 12 175 12
152 12 163 12
140 12 151 12
104 12 115 12
92 12 103 12
68 12 79 12
56 12 67 12
44 12 55 12
32 12 43 12
20 12 31 12
8 12 19 12
188 13 199 13
176 13 187 13
164 13 175 13
152 13 163 13
140 13 151 13
128 13 139 13
104 13 115 13
92 13 103 13
80 13 91 13
44 13 55 13
32 13 43 13
20 13 31 13
8 13 19 13
188 14 199 14
176 14 187 14
152 14 163 14
140 14 151 14
128 14 139 14
104 14 115 14
92 14 103 14
80 14 91 14
68 14 79 14
56 14 67 14
44 14 55 14
32 14 43 14
188 15 199 15
176 15 187 15
164 15 175 15
152 15 163 15
140 15 151 15
128 15 139 15
68 15 79 15
56 15 67 15
44 15 55 15
32 15 43 15
20 15 31 15
8 15 19 15
176 16 187 16
164 16 175 16
152 16 163 16
140 16 151 16
128 16 139 16
104 16 115 16
80 16 91 16
68 16 79 16
56 16 67 16
44 16 55 16
32 16 43 16
20 16 31 16
8 16 19 16
188 17 199 17
152 17 163 17
140 17 151 17
116 17 127 17
104 17 115 17
92 17 103 17
80 17 91 17
68 17 79 17
56 17 67 17
44 17 55 17
32 17 43 17
20 17 31 17
8 17 19 17
176 18 187 18
164 18 175 18
152 18 163 18
140 18 151 18
128 18 139 18
116 18 127 18
80 18 91 18
68 18 79 18
44 18 55 18
32 18 43 18
20 18 31 18
188 19 199 19
176 19 187 19
164 19 175 19
152 19 163 19
128 19 139 19
116 19 127 19
104 19 115 19
92 19 103 19
80 19 91 19
68 19 79 19
56 19 67 19
20 19 31 19
8 19 19 19
0 19 7 19
188 20 199 20
176 20 187 20
140 20 151 20
128 20 139 20
116 20 127 20
104 20 115 20
80 20 91 20
68 20 79 20
56 20 67 20
44 20 55 20
32 20 43 20
20 20 31 20
8 20 19 20
0 20 7 20
188 21 199 21
176 21 187 21
164 21 175 21
152 21 163 21
140 21 151 21
128 21 139 21
116 21 127 21
104 21 115 21
80 21 91 21
44 21 55 21
32 21 43 21
8 21 19 21
188 22 199 22
164 22 175 22
152 22 163 22
140 22 151 22
128 22 139 22
116 22 127 22
104 22 115 22
80 22 91 22
56 22 67 22
44 22 55 22
32 22 43 22
20 22 31 22
8 22 19 22
0 22 7 22
176 23 187 23
152 23 163 23
140 23 151 23
128 23 139 23
104 23 115 23
92 23 103 23
80 23 91 23
56 23 67 23
32 23 43 23
20 23 31 23
176 24 187 24
152 24 163 24
140 24 151 24
116 24 127 24
104 24 115 24
80 24 91 24
68 24 79 24
56 24 67 24
44 24 55 24
32 24 43 24
20 24 31 24
8 24 19 24
0 24 7 24
188 25 199 25
164 25 175 25
152 25 163 25
128 25 139 25
116 25 127 25
104 25 115 25
92 25 103 25
80 25 91 25
68 25 79 25
56 25 67 25
32 25 43 25
20 25 31 25
8 25 19 25
0 25 7 25
188 26 199 26
176 26 187 26
164 26 175 26
152 26 163 26
140 26 151 26
128 26 139 26
116 26 127 26
104 26 115 26
92 26 103 26
80 26 91 26
68 26 79 26
56 26 67 26
44 26 55 26
20 26 31 26
8 26 19 26
176 27 187 27
164 27 175 27
152 27 163 27
140 27 151 27
128 27 139 27
116 27 127 27
104 27 115 27
92 27 103 27
80 27 91 27
56 27 67 27
44 27 55 27
32 27 43 27
20 27 31 27
8 27 19 27
0 27 7 27
188 28 199 28
164 28 175 28
152 28 163 28
128 28 139 28
116 28 127 28
104 28 115 28
80 28 91 28
68 28 79 28
56 28 67 28
44 28 55 28
32 28 43 28
20 28 31 28
8 28 19 28
188 29 199 29
164 29 175 29
152 29 163 29
140 29 151 29
128 29 139 29
116 29 127 29
92 29 103 29
80 29 91 29
56 29 67 29
44 29 55 29
32 29 43 29
8 29 19 29
0 29 7 29
188 30 199 30
176 30 187 30
164 30 175 30
152 30 163 30
140 30 151 30
128 30 139 30
116 30 127 30
104 30 115 30
92 30 103 30
80 30 91 30
44 30 55 30
32 30 43 30
20 30 31 30
8 30 19 30
0 30 7 30
188 31 199 31
176 31 187 31
152 31 163 31
140 31 151 31
128 31 139 31
104 31 115 31
92 31 103 31
80 31 91 31
68 31 79 31
56 31 67 31
44 31 55 31
32 31 43 31
20 31 31 31
8 31 19 31
0 31 7 31
188 32 199 32
176 32 187 32
152 32 163 32
140 32 151 32
104 32 115 32
92 32 103 32
68 32 79 32
56 32 67 32
44 32 55 32
32 32 43 32
20 32 31 32
8 32 19 32
188 33 199 33
176 33 187 33
152 33 163 33
116 33 127 33
104 33 115 33
92 33 103 33
80 33 91 33
68 33 79 33
44 33 55 33
32 33 43 33
20 33 31 33
8 33 19 33
188 34 199 34
176 34 187 34
164 34 175 34
152 34 163 34
140 34 151 34
128 34 139 34
116 34 127 34
104 34 115 34
92 34 103 34
80 34 91 34
68 34 79 34
56 34 67 34
44 34 55 34
32 34 43 34
20 34 31 34
8 34 19 34
176 35 187 35
164 35 175 35
128 35 139 35
116 35 127 35
104 35 115 35
92 35 103 35
80 35 91 35
68 35 79 35
44 35 55 35
32 35 43 35
8 35 19 35
176 36 187 36
164 36 175 36
152 36 163 36
140 36 151 36
128 36 139 36
116 36 127 36
104 36 115 36
92 36 103 36
80 36 91 36
68 36 79 36
56 36 67 36
44 36 55 36
32 36 43 36
20 36 31 36
8 36 19 36
188 37 199 37
164 37 175 37
152 37 163 37
140 37 151 37
128 37 139 37
116 37 127 37
104 37 115 37
92 37 103 37
80 37 91 37
68 37 79 37
56 37 67 37
44 37 55 37
32 37 43 37
20 37 31 37
176 38 187 38
164 38 175 38
152 38 163 38
140 38 151 38
128 38 139 38
116 38 127 38
104 38 115 38
92 38 103 38
80 38 91 38
68 38 79 38
56 38 67 38
44 38 55 38
32 38 43 38
20 38 31 38
8 38 19 38
188 39 199 39
176 39 187 39
164 39 175 39
152 39 163 39
140 39 151 39
116 39 127 39
104 39 115 39
92 39 103 39
80 39 91 39
68 39 79 39
56 39 67 39
44 39 55 39
32 39 43 39
20 39 31 39
8 39 19 39
188 40 199 40
176 40 187 40
164 40 175 40
140 40 151 40
116 40 127 40
104 40 115 40
92 40 103 40
80 40 91 40
68 40 79 40
56 40 67 40
20 40 31 40
8 40 19 40
176 41 187 41
140 41 151 41
128 41 139 41
116 41 127 41
104 41 115 41
92 41 103 41
80 41 91 41
68 41 79 41
56 41 67 41
44 41 55 41
32 41 43 41
20 41 31 41
8 41 19 41
0 41 7 41
188 42 199 42
176 42 187 42
164 42 175 42
152 42 163 42
140 42 151 42
128 42 139 42
116 42 127 42
104 42 115 42
92 42 103 42
80 42 91 42
68 42 79 42
56 42 67 42
44 42 55 42
32 42 43 42
20 42 31 42
8 42 19 42
188 43 199 43
176 43 187 43
164 43 175 43
152 43 163 43
140 43 151 43
128 43 139 43
116 43 127 43
104 43 115 43
92 43 103 43
80 43 91 43
56 43 67 43
44 43 55 43
32 43 43 43
20 43 31 43
8 43 19 43
188 44 199 44
176 44 187 44
164 44 175 44
152 44 163 44
140 44 151 44
128 44 139 44
116 44 127 44
80 44 91 44
68 44 79 44
56 44 67 44
44 44 55 44
32 44 43 44
8 44 19 44
0 44 7 44
188 45 199 45
164 45 175 45
152 45 163 45
140 45 151 45
128 45 139 45
116 45 127 45
104 45 115 45
92 45 103 45
56 45 67 45
44 45 55 45
20 45 31 45
8 45 19 45
188 46 199 46
176 46 187 46
164 46 175 46
152 46 163 46
140 46 151 46
128 46 139 46
116 46 127 46
104 46 115 46
92 46 103 46
80 46 91 46
68 46 79 46
56 46 67 46
44 46 55 46
20 46 31 46
8 46 19 46
0 46 7 46
188 47 199 47
176 47 187 47
164 47 175 47
152 47 163 47
140 47 151 47
128 47 139 47
116 47 127 47
104 47 115 47
92 47 103 47
80 47 91 47
68 47 79 47
56 47 67 47
44 47 55 47
32 47 43 47
20 47 31 47
8 47 19 47
0 47 7 47
188 48 199 48
176 48 187 48
164 48 175 48
152 48 163 48
140 48 151 48
128 48 139 48
116 48 127 48
104 48 115 48
92 48 103 48
80 48 91 48
68 48 79 48
56 48 67 48
44 48 55 48
32 48 43 48
20 48 31 48
8 48 19 48
188 49 199 49
164 49 175 49
152 49 163 49
140 49 151 49
128 49 139 49
116 49 127 49
92 49 103 49
80 49 91 49
68 49 79 49
56 49 67 49
32 49 43 49
20 49 31 49
188 50 199 50
176 50 187 50
164 50 175 50
152 50 163 50
128 50 139 50
116 50 127 50
104 50 115 50
92 50 103 50
80 50 91 50
68 50 79 50
56 50 67 50
44 50 55 50
32 50 43 50
8 50 19 50
188 51 199 51
176 51 187 51
164 51 175 51
152 51 163 51
140 51 151 51
128 51 139 51
116 51 127 51
92 51 103 51
80 51 91 51
68 51 79 51
56 51 67 51
44 51 55 51
20 51 31 51
8 51 19 51
188 52 199 52
164 52 175 52
152 52 163 52
140 52 151 52
128 52 139 52
116 52 127 52
104 52 115 52
92 52 103 52
80 52 91 52
68 52 79 52
56 52 67 52
44 52 55 52
32 52 43 52
20 52 31 52
8 52 19 52
0 52 7 52
188 53 199 53
164 53 175 53
152 53 163 53
140 53 151 53
128 53 139 53
116 53 127 53
104 53 115 53
92 53 103 53
68 53 79 53
20 53 31 53
8 53 19 53
188 54 199 54
176 54 187 54
164 54 175 54
152 54 163 54
140 54 151 54
128 54 139 54
104 54 115 54
92 54 103 54
80 54 91 54
68 54 79 54
56 54 67 54
44 54 55 54
32 54 43 54
20 54 31 54
8 54 19 54
188 55 199 55
176 55 187 55
164 55 175 55
152 55 163 55
128 55 139 55
116 55 127 55
104 55 115 55
92 55 103 55
68 55 79 55
56 55 67 55
44 55 55 55
32 55 43 55
8 55 19 55
0 55 7 55
188 56 199 56
176 56 187 56
164 56 175 56
152 56 163 56
140 56 151 56
128 56 139 56
116 56 127 56
104 56 115 56
92 56 103 56
80 56 91 56
68 56 79 56
56 56 67 56
20 56 31 56
8 56 19 56
188 57 199 57
176 57 187 57
164 57 175 57
152 57 163 57
140 57 151 57
128 57 139 57
116 57 127 57
104 57 115 57
92 57 103 57
80 57 91 57
68 57 79 57
56 57 67 57
44 57 55 57
32 57 43 57
8 57 19 57
0 57 7 57
188 58 199 58
176 58 187 58
164 58 175 58
140 58 151 58
116 58 127 58
104 58 115 58
80 58 91 58
68 58 79 58
56 58 67 58
44 58 55 58
32 58 43 58
20 58 31 58
8 58 19 58
188 59 199 59
176 59 187 59
164 59 175 59
152 59 163 59
140 59 151 59
128 59 139 59
104 59 115 59
92 59 103 59
80 59 91 59
68 59 79 59
44 59 55 59
32 59 43 59
20 59 31 59
8 59 19 59
0 59 7 59
188 60 199 60
176 60 187 60
164 60 175 60
152 60 163 60
140 60 151 60
128 60 139 60
104 60 115 60
92 60 103 60
80 60 91 60
68 60 79 60
56 60 67 60
44 60 55 60
32 60 43 60
20 60 31 60
8 60 19 60
0 60 7 60
188 61 199 61
176 61 187 61
164 61 175 61
152 61 163 61
140 61 151 61
128 61 139 61
116 61 127 61
104 61 115 61
92 61 103 61
68 61 79 61
56 61 67 61
44 61 55 61
32 61 43 61
20 61 31 61
8 61 19 61
188 62 199 62
176 62 187 62
164 62 175 62
152 62 163 62
140 62 151 62
128 62 139 62
116 62 127 62
92 62 103 62
80 62 91 62
68 62 79 62
44 62 55 62
32 62 43 62
20 62 31 62
8 62 19 62
0 62 7 62
188 63 199 63
176 63 187 63
164 63 175 63
152 63 163 63
140 63 151 63
128 63 139 63
116 63 127 63
104 63 115 63
92 63 103 63
80 63 91 63
56 63 67 63
44 63 55 63
32 63 43 63
20 63 31 63
8 63 19 63
188 64 199 64
176 64 187 64
164 64 175 64
152 64 163 64
140 64 151 64
128 64 139 64
116 64 127 64
104 64 115 64
92 64 103 64
80 64 91 64
68 64 79 64
56 64 67 64
44 64 55 64
32 64 43 64
20 64 31 64
8 64 19 64
152 65 163 65
140 65 151 65
128 65 139 65
116 65 127 65
104 65 115 65
92 65 103 65
56 65 67 65
44 65 55 65
32 65 43 65
20 65 31 65
8 65 19 65
188 66 199 66
176 66 187 66
164 66 175 66
152 66 163 66
140 66 151 66
116 66 127 66
104 66 115 66
92 66 103 66
80 66 91 66
68 66 79 66
56 66 67 66
44 66 55 66
32 66 43 66
20 66 31 66
8 66 19 66
188 67 199 67
152 67 163 67
140 67 151 67
128 67 139 67
116 67 127 67
68 67 79 67
56 67 67 67
44 67 55 67
32 67 43 67
20 67 31 67
8 67 19 67
164 68 175 68
152 68 163 68
140 68 151 68
116 68 127 68
104 68 115 68
92 68 103 68
68 68 79 68
56 68 67 68
44 68 55 68
32 68 43 68
20 68 31 68
8 68 19 68
0 68 7 68
176 69 187 69
152 69 163 69
140 69 151 69
128 69 139 69
116 69 127 69
104 69 115 69
92 69 103 69
80 69 91 69
68 69 79 69
56 69 67 69
44 69 55 69
32 69 43 69
8 69 19 69
188 70 199 70
152 70 163 70
140 70 151 70
128 70 139 70
92 70 103 70
80 70 91 70
44 70 55 70
20 70 31 70
8 70 19 70
188 71 199 71
176 71 187 71
164 71 175 71
152 71 163 71
128 71 139 71
116 71 127 71
104 71 115 71
80 71 91 71
68 71 79 71
56 71 67 71
44 71 55 71
20 71 31 71
8 71 19 71
188 72 199 72
164 72 175 72
152 72 163 72
140 72 151 72
128 72 139 72
116 72 127 72
104 72 115 72
92 72 103 72
80 72 91 72
68 72 79 72
56 72 67 72
44 72 55 72
32 72 43 72
20 72 31 72
8 72 19 72
188 73 199 73
176 73 187 73
164 73 175 73
152 73 163 73
104 73 115 73
92 73 103 73
80 73 91 73
56 73 67 73
44 73 55 73
20 73 31 73
8 73 19 73
176 74 187 74
164 74 175 74
152 74 163 74
140 74 151 74
128 74 139 74
116 74 127 74
104 74 115 74
92 74 103 74
80 74 91 74
68 74 79 74
56 74 67 74
44 74 55 74
32 74 43 74
20 74 31 74
8 74 19 74
188 75 199 75
176 75 187 75
152 75 163 75
140 75 151 75
128 75 139 75
116 75 127 75
104 75 115 75
92 75 103 75
80 75 91 75
56 75 67 75
44 75 55 75
32 75 43 75
20 75 31 75
8 75 19 75
0 75 7 75
188 76 199 76
176 76 187 76
164 76 175 76
152 76 163 76
128 76 139 76
116 76 127 76
104 76 115 76
92 76 103 76
80 76 91 76
56 76 67 76
44 76 55 76
32 76 43 76
20 76 31 76
8 76 19 76
188 77 199 77
176 77 187 77
164 77 175 77
140 77 151 77
116 77 127 77
104 77 115 77
92 77 103 77
68 77 79 77
44 77 55 77
32 77 43 77
20 77 31 77
8 77 19 77
0 77 7 77
188 78 199 78
176 78 187 78
164 78 175 78
152 78 163 78
140 78 151 78
128 78 139 78
116 78 127 78
104 78 115 78
92 78 103 78
80 78 91 78
68 78 79 78
56 78 67 78
44 78 55 78
32 78 43 78
20 78 31 78
188 79 199 79
176 79 187 79
164 79 175 79
152 79 163 79
140 79 151 79
104 79 115 79
92 79 103 79
80 79 91 79
68 79 79 79
44 79 55 79
32 79 43 79
8 79 19 79
188 80 199 80
176 80 187 80
164 80 175 80
152 80 163 80
140 80 151 80
128 80 139 80
116 80 127 80
104 80 115 80
92 80 103 80
80 80 91 80
68 80 79 80
56 80 67 80
44 80 55 80
32 80 43 80
20 80 31 80
8 80 19 80
0 80 7 80
188 81 199 81
176 81 187 81
164 81 175 81
152 81 163 81
116 81 127 81
104 81 115 81
80 81 91 81
68 81 79 81
56 81 67 81
44 81 55 81
32 81 43 81
8 81 19 81
188 82 199 82
176 82 187 82
164 82 175 82
152 82 163 82
140 82 151 82
128 82 139 82
104 82 115 82
92 82 103 82
80 82 91 82
68 82 79 82
56 82 67 82
20 82 31 82
8 82 19 82
188 83 199 83
176 83 187 83
164 83 175 83
152 83 163 83
140 83 151 83
128 83 139 83
116 83 127 83
104 83 115 83
92 83 103 83
80 83 91 83
68 83 79 83
44 83 55 83
32 83 43 83
20 83 31 83
8 83 19 83
164 84 175 84
140 84 151 84
128 84 139 84
116 84 127 84
104 84 115 84
92 84 103 84
80 84 91 84
68 84 79 84
44 84 55 84
20 84 31 84
188 85 199 85
176 85 187 85
164 85 175 85
152 85 163 85
140 85 151 85
128 85 139 85
116 85 127 85
104 85 115 85
92 85 103 85
68 85 79 85
56 85 67 85
44 85 55 85
32 85 43 85
20 85 31 85
8 85 19 85
188 86 199 86
176 86 187 86
164 86 175 86
152 86 163 86
140 86 151 86
128 86 139 86
104 86 115 86
92 86 103 86
68 86 79 86
56 86 67 86
44 86 55 86
32 86 43 86
20 86 31 86
8 86 19 86
188 87 199 87
164 87 175 87
152 87 163 87
140 87 151 87
128 87 139 87
116 87 127 87
104 87 115 87
92 87 103 87
80 87 91 87
68 87 79 87
56 87 67 87
44 87 55 87
32 87 43 87
20 87 31 87
8 87 19 87
164 88 175 88
152 88 163 88
140 88 151 88
128 88 139 88
116 88 127 88
104 88 115 88
80 88 91 88
68 88 79 88
56 88 67 88
44 88 55 88
32 88 43 88
20 88 31 88
8 88 19 88
188 89 199 89
176 89 187 89
164 89 175 89
152 89 163 89
140 89 151 89
128 89 139 89
116 89 127 89
104 89 115 89
92 89 103 89
80 89 91 89
68 89 79 89
56 89 67 89
44 89 55 89
32 89 43 89
20 89 31 89
8 89 19 89
188 90 199 90
176 90 187 90
164 90 175 90
140 90 151 90
128 90 139 90
92 90 103 90
80 90 91 90
68 90 79 90
56 90 67 90
44 90 55 90
8 90 19 90
188 91 199 91
176 91 187 91
164 91 175 91
152 91 163 91
128 91 139 91
116 91 127 91
104 91 115 91
92 91 103 91
80 91 91 91
68 91 79 91
56 91 67 91
44 91 55 91
32 91 43 91
8 91 19 91
0 91 7 91
188 92 199 92
176 92 187 92
164 92 175 92
152 92 163 92
140 92 151 92
128 92 139 92
116 92 127 92
104 92 115 92
92 92 103 92
80 92 91 92
68 92 79 92
56 92 67 92
44 92 55 92
32 92 43 92
20 92 31 92
8 92 19 92
188 93 199 93
176 93 187 93
164 93 175 93
152 93 163 93
140 93 151 93
128 93 139 93
116 93 127 93
104 93 115 93
92 93 103 93
80 93 91 93
68 93 79 93
56 93 67 93
44 93 55 93
32 93 43 93
20 93 31 93
188 94 199 94
176 94 187 94
164 94 175 94
152 94 163 94
140 94 151 94
128 94 139 94
116 94 127 94
104 94 115 94
80 94 91 94
68 94 79 94
56 94 67 94
44 94 55 94
32 94 43 94
20 94 31 94
8 94 19 94
0 94 7 94
188 95 199 95
176 95 187 95
164 95 175 95
152 95 163 95
140 95 151 95
128 95 139 95
116 95 127 95
104 95 115 95
92 95 103 95
80 95 91 95
68 95 79 95
56 95 67 95
44 95 55 95
32 95 43 95
20 95 31 95
188 96 199 96
176 96 187 96
164 96 175 96
152 96 163 96
128 96 139 96
116 96 127 96
104 96 115 96
92 96 103 96
80 96 91 96
68 96 79 96
56 96 67 96
44 96 55 96
32 96 43 96
20 96 31 96
8 96 19 96
188 97 199 97
176 97 187 97
164 97 175 97
152 97 163 97
140 97 151 97
128 97 139 97
116 97 127 97
104 97 115 97
92 97 103 97
80 97 91 97
68 97 79 97
56 97 67 97
44 97 55 97
32 97 43 97
20 97 31 97
8 97 19 97
0 97 7 97
176 98 187 98
164 98 175 98
152 98 163 98
140 98 151 98
128 98 139 98
116 98 127 98
92 98 103 98
80 98 91 98
68 98 79 98
56 98 67 98
44 98 55 98
32 98 43 98
20 98 31 98
8 98 19 98
188 99 199 99
176 99 187 99
164 99 175 99
152 99 163 99
140 99 151 99
128 99 139 99
116 99 127 99
92 99 103 99
80 99 91 99
56 99 67 99
44 99 55 99
32 99 43 99
20 99 31 99
8 99 19 99
0 99 7 99
176 100 187 100
164 100 175 100
152 100 163 100
140 100 151 100
128 100 139 100
116 100 127 100
104 100 115 100
92 100 103 100
80 100 91 100
68 100 79 100
56 100 67 100
44 100 55 100
32 100 43 100
20 100 31 100
188 101 199 101
176 101 187 101
164 101 175 101
152 101 163 101
140 101 151 101
128 101 139 101
116 101 127 101
104 101 115 101
92 101 103 101
80 101 91 101
68 101 79 101
56 101 67 101
44 101 55 101
32 101 43 101
20 101 31 101
8 101 19 101
0 101 7 101
188 102 199 102
176 102 187 102
164 102 175 102
152 102 163 102
140 102 151 102
128 102 139 102
116 102 127 102
104 102 115 102
92 102 103 102
68 102 79 102
56 102 67 102
44 102 55 102
32 102 43 102
20 102 31 102
8 102 19 102
0 102 7 102
188 103 199 103
176 103 187 103
164 103 175 103
152 103 163 103
140 103 151 103
128 103 139 103
104 103 115 103
92 103 103 103
56 103 67 103
44 103 55 103
32 103 43 103
20 103 31 103
176 104 187 104
164 104 175 104
152 104 163 104
140 104 151 104
128 104 139 104
116 104 127 104
92 104 103 104
80 104 91 104
68 104 79 104
56 104 67 104
44 104 55 104
32 104 43 104
20 104 31 104
8 104 19 104
188 105 199 105
176 105 187 105
164 105 175 105
152 105 163 105
140 105 151 105
128 105 139 105
116 105 127 105
104 105 115 105
92 105 103 105
80 105 91 105
68 105 79 105
56 105 67 105
44 105 55 105
32 105 43 105
20 105 31 105
8 105 19 105
188 106 199 106
176 106 187 106
164 106 175 106
152 106 163 106
140 106 151 106
128 106 139 106
116 106 127 106
92 106 103 106
80 106 91 106
68 106 79 106
56 106 67 106
44 106 55 106
32 106 43 106
20 106 31 106
8 106 19 106
188 107 199 107
176 107 187 107
164 107 175 107
152 107 163 107
140 107 151 107
128 107 139 107
116 107 127 107
92 107 103 107
80 107 91 107
68 107 79 107
56 107 67 107
44 107 55 107
32 107 43 107
20 107 31 107
8 107 19 107
0 107 7 107
188 108 199 108
176 108 187 108
164 108 175 108
152 108 163 108
128 108 139 108
116 108 127 108
92 108 103 108
80 108 91 108
56 108 67 108
44 108 55 108
32 108 43 108
20 108 31 108
8 108 19 108
188 109 199 109
176 109 187 109
164 109 175 109
152 109 163 109
140 109 151 109
128 109 139 109
116 109 127 109
92 109 103 109
80 109 91 109
68 109 79 109
56 109 67 109
44 109 55 109
32 109 43 109
20 109 31 109
8 109 19 109
0 109 7 109
176 110 187 110
164 110 175 110
152 110 163 110
116 110 127 110
104 110 115 110
80 110 91 110
68 110 79 110
56 110 67 110
44 110 55 110
32 110 43 110
20 110 31 110
8 110 19 110
176 111 187 111
164 111 175 111
152 111 163 111
128 111 139 111
104 111 115 111
92 111 103 111
80 111 91 111
68 111 79 111
56 111 67 111
44 111 55 111
32 111 43 111
20 111 31 111
8 111 19 111
188 112 199 112
140 112 151 112
128 112 139 112
116 112 127 112
104 112 115 112
92 112 103 112
80 112 91 112
68 112 79 112
56 112 67 112
44 112 55 112
32 112 43 112
20 112 31 112
8 112 19 112
188 113 199 113
176 113 187 113
164 113 175 113
152 113 163 113
140 113 151 113
128 113 139 113
116 113 127 113
104 113 115 113
80 113 91 113
68 113 79 113
56 113 67 113
44 113 55 113
20 113 31 113
8 113 19 113
0 113 7 113
188 114 199 114
176 114 187 114
164 114 175 114
140 114 151 114
116 114 127 114
104 114 115 114
80 114 91 114
68 114 79 114
56 114 67 114
44 114 55 114
32 114 43 114
20 114 31 114
8 114 19 114
188 115 199 115
176 115 187 115
164 115 175 115
152 115 163 115
128 115 139 115
116 115 127 115
104 115 115 115
92 115 103 115
80 115 91 115
68 115 79 115
44 115 55 115
32 115 43 115
20 115 31 115
8 115 19 115
188 116 199 116
176 116 187 116
164 116 175 116
152 116 163 116
140 116 151 116
128 116 139 116
116 116 127 116
104 116 115 116
92 116 103 116
80 116 91 116
68 116 79 116
44 116 55 116
32 116 43 116
20 116 31 116
8 116 19 116
176 117 187 117
152 117 163 117
140 117 151 117
128 117 139 117
116 117 127 117
104 117 115 117
92 117 103 117
80 117 91 117
56 117 67 117
44 117 55 117
32 117 43 117
20 117 31 117
8 117 19 117
0 117 7 117
188 118 199 118
176 118 187 118
164 118 175 118
152 118 163 118
140 118 151 118
128 118 139 118
116 118 127 118
92 118 103 118
80 118 91 118
68 118 79 118
56 118 67 118
44 118 55 118
32 118 43 118
20 118 31 118
188 119 199 119
176 119 187 119
152 119 163 119
140 119 151 119
128 119 139 119
116 119 127 119
104 119 115 119
92 119 103 119
80 119 91 119
68 119 79 119
56 119 67 119
44 119 55 119
32 119 43 119
20 119 31 119
8 119 19 119
188 120 199 120
176 120 187 120
164 120 175 120
140 120 151 120
128 120 139 120
116 120 127 120
104 120 115 120
68 120 79 120
56 120 67 120
44 120 55 120
32 120 43 120
20 120 31 120
8 120 19 120
188 121 199 121
176 121 187 121
164 121 175 121
152 121 163 121
140 121 151 121
128 121 139 121
104 121 115 121
80 121 91 121
68 121 79 121
44 121 55 121
32 121 43 121
20 121 31 121
8 121 19 121
188 122 199 122
176 122 187 122
152 122 163 122
140 122 151 122
128 122 139 122
104 122 115 122
92 122 103 122
80 122 91 122
68 122 79 122
56 122 67 122
44 122 55 122
32 122 43 122
20 122 31 122
8 122 19 122
0 122 7 122
188 123 199 123
176 123 187 123
152 123 163 123
116 123 127 123
104 123 115 123
92 123 103 123
80 123 91 123
68 123 79 123
56 123 67 123
32 123 43 123
20 123 31 123
8 123 19 123
0 123 7 123
188 124 199 124
176 124 187 124
152 124 163 124
140 124 151 124
128 124 139 124
116 124 127 124
104 124 115 124
92 124 103 124
80 124 91 124
68 124 79 124
56 124 67 124
44 124 55 124
32 124 43 124
8 124 19 124
188 125 199 125
176 125 187 125
164 125 175 125
152 125 163 125
140 125 151 125
128 125 139 125
116 125 127 125
104 125 115 125
92 125 103 125
80 125 91 125
56 125 67 125
44 125 55 125
32 125 43 125
20 125 31 125
8 125 19 125
0 125 7 125
188 126 199 126
176 126 187 126
164 126 175 126
152 126 163 126
128 126 139 126
116 126 127 126
104 126 115 126
92 126 103 126
80 126 91 126
68 126 79 126
56 126 67 126
44 126 55 126
32 126 43 126
8 126 19 126
188 127 199 127
176 127 187 127
164 127 175 127
152 127 163 127
140 127 151 127
116 127 127 127
104 127 115 127
92 127 103 127
68 127 79 127
56 127 67 127
44 127 55 127
20 127 31 127
8 127 19 127
0 127 7 127
188 128 199 128
176 128 187 128
164 128 175 128
152 128 163 128
128 128 139 128
104 128 115 128
92 128 103 128
80 128 91 128
68 128 79 128
44 128 55 128
32 128 43 128
20 128 31 128
176 129 187 129
152 129 163 129
140 129 151 129
128 129 139 129
116 129 127 129
104 129 115 129
92 129 103 129
80 129 91 129
68 129 79 129
56 129 67 129
32 129 43 129
0 129 7 129
188 130 199 130
176 130 187 130
164 130 175 130
152 130 163 130
140 130 151 130
128 130 139 130
116 130 127 130
104 130 115 130
92 130 103 130
80 130 91 130
68 130 79 130
56 130 67 130
32 130 43 130
8 130 19 130
0 130 7 130
188 131 199 131
176 131 187 131
164 131 175 131
152 131 163 131
140 131 151 131
128 131 139 131
116 131 127 131
104 131 115 131
92 131 103 131
80 131 91 131
68 131 79 131
56 131 67 131
44 131 55 131
32 131 43 131
8 131 19 131
0 131 7 131
188 132 199 132
164 132 175 132
152 132 163 132
140 132 151 132
128 132 139 132
116 132 127 132
104 132 115 132
92 132 103 132
80 132 91 132
68 132 79 132
56 132 67 132
20 132 31 132
8 132 19 132
0 132 7 132
188 133 199 133
152 133 163 133
140 133 151 133
128 133 139 133
104 133 115 133
80 133 91 133
68 133 79 133
56 133 67 133
44 133 55 133
32 133 43 133
20 133 31 133
188 134 199 134
176 134 187 134
164 134 175 134
152 134 163 134
140 134 151 134
116 134 127 134
104 134 115 134
92 134 103 134
56 134 67 134
44 134 55 134
32 134 43 134
8 134 19 134
188 135 199 135
176 135 187 135
164 135 175 135
152 135 163 135
140 135 151 135
128 135 139 135
116 135 127 135
104 135 115 135
92 135 103 135
80 135 91 135
56 135 67 135
32 135 43 135
20 135 31 135
8 135 19 135
176 136 187 136
152 136 163 136
140 136 151 136
128 136 139 136
116 136 127 136
104 136 115 136
92 136 103 136
80 136 91 136
68 136 79 136
56 136 67 136
44 136 55 136
32 136 43 136
20 136 31 136
8 136 19 136
188 137 199 137
176 137 187 137
164 137 175 137
152 137 163 137
140 137 151 137
128 137 139 137
116 137 127 137
104 137 115 137
92 137 103 137
80 137 91 137
68 137 79 137
56 137 67 137
44 137 55 137
32 137 43 137
20 137 31 137
8 137 19 137
188 138 199 138
176 138 187 138
164 138 175 138
152 138 163 138
140 138 151 138
128 138 139 138
116 138 127 138
104 138 115 138
92 138 103 138
80 138 91 138
68 138 79 138
56 138 67 138
44 138 55 138
32 138 43 138
20 138 31 138
8 138 19 138
188 139 199 139
176 139 187 139
164 139 175 139
152 139 163 139
140 139 151 139
128 139 139 139
116 139 127 139
104 139 115 139
92 139 103 139
68 139 79 139
56 139 67 139
44 139 55 139
32 139 43 139
20 139 31 139
8 139 19 139
188 140 199 140
152 140 163 140
140 140 151 140
128 140 139 140
116 140 127 140
92 140 103 140
80 140 91 140
68 140 79 140
56 140 67 140
44 140 55 140
32 140 43 140
20 140 31 140
8 140 19 140
0 140 7 140
176 141 187 141
164 141 175 141
140 141 151 141
128 141 139 141
116 141 127 141
104 141 115 141
92 141 103 141
80 141 91 141
68 141 79 141
56 141 67 141
44 141 55 141
32 141 43 141
20 141 31 141
8 141 19 141
188 142 199 142
176 142 187 142
164 142 175 142
152 142 163 142
128 142 139 142
116 142 127 142
104 142 115 142
92 142 103 142
80 142 91 142
68 142 79 142
56 142 67 142
44 142 55 142
32 142 43 142
20 142 31 142
8 142 19 142
188 143 199 143
176 143 187 143
164 143 175 143
152 143 163 143
140 143 151 143
116 143 127 143
104 143 115 143
92 143 103 143
80 143 91 143
68 143 79 143
56 143 67 143
32 143 43 143
20 143 31 143
8 143 19 143
0 143 7 143
188 144 199 144
176 144 187 144
116 144 127 144
104 144 115 144
92 144 103 144
80 144 91 144
68 144 79 144
56 144 67 144
44 144 55 144
32 144 43 144
20 144 31 144
8 144 19 144
188 145 199 145
176 145 187 145
164 145 175 145
140 145 151 145
128 145 139 145
116 145 127 145
104 145 115 145
92 145 103 145
80 145 91 145
68 145 79 145
56 145 67 145
44 145 55 145
32 145 43 145
20 145 31 145
8 145 19 145
0 145 7 145
188 146 199 146
176 146 187 146
164 146 175 146
152 146 163 146
140 146 151 146
128 146 139 146
116 146 127 146
104 146 115 146
92 146 103 146
80 146 91 146
56 146 67 146
44 146 55 146
32 146 43 146
20 146 31 146
8 146 19 146
0 146 7 146
188 147 199 147
176 147 187 147
164 147 175 147
152 147 163 147
140 147 151 147
128 147 139 147
116 147 127 147
104 147 115 147
92 147 103 147
80 147 91 147
68 147 79 147
56 147 67 147
44 147 55 147
32 147 43 147
20 147 31 147
188 148 199 148
176 148 187 148
164 148 175 148
152 148 163 148
140 148 151 148
128 148 139 148
116 148 127 148
92 148 103 148
44 148 55 148
32 148 43 148
20 148 31 148
8 148 19 148
188 149 199 149
176 149 187 149
152 149 163 149
128 149 139 149
116 149 127 149
104 149 115 149
92 149 103 149
80 149 91 149
68 149 79 149
56 149 67 149
44 149 55 149
32 149 43 149
20 149 31 149
8 149 19 149
188 150 199 150
176 150 187 150
164 150 175 150
152 150 163 150
128 150 139 150
116 150 127 150
104 150 115 150
80 150 91 150
56 150 67 150
44 150 55 150
32 150 43 150
20 150 31 150
8 150 19 150
188 151 199 151
176 151 187 151
164 151 175 151
152 151 163 151
140 151 151 151
128 151 139 151
116 151 127 151
104 151 115 151
92 151 103 151
80 151 91 151
68 151 79 151
56 151 67 151
44 151 55 151
32 151 43 151
20 151 31 151
8 151 19 151
188 152 199 152
176 152 187 152
164 152 175 152
152 152 163 152
140 152 151 152
116 152 127 152
104 152 115 152
92 152 103 152
80 152 91 152
68 152 79 152
56 152 67 152
44 152 55 152
32 152 43 152
20 152 31 152
8 152 19 152
188 153 199 153
164 153 175 153
152 153 163 153
140 153 151 153
128 153 139 153
116 153 127 153
104 153 115 153
92 153 103 153
80 153 91 153
68 153 79 153
56 153 67 153
20 153 31 153
8 153 19 153
0 153 7 153
188 154 199 154
176 154 187 154
152 154 163 154
140 154 151 154
128 154 139 154
116 154 127 154
104 154 115 154
92 154 103 154
80 154 91 154
68 154 79 154
56 154 67 154
44 154 55 154
32 154 43 154
8 154 19 154
0 154 7 154
176 155 187 155
164 155 175 155
152 155 163 155
140 155 151 155
128 155 139 155
116 155 127 155
92 155 103 155
80 155 91 155
56 155 67 155
44 155 55 155
32 155 43 155
20 155 31 155
8 155 19 155
188 156 199 156
176 156 187 156
164 156 175 156
152 156 163 156
128 156 139 156
116 156 127 156
104 156 115 156
80 156 91 156
68 156 79 156
56 156 67 156
44 156 55 156
20 156 31 156
8 156 19 156
188 157 199 157
176 157 187 157
164 157 175 157
152 157 163 157
140 157 151 157
128 157 139 157
116 157 127 157
104 157 115 157
92 157 103 157
80 157 91 157
68 157 79 157
56 157 67 157
44 157 55 157
32 157 43 157
20 157 31 157
8 157 19 157
188 158 199 158
164 158 175 158
152 158 163 158
128 158 139 158
116 158 127 158
104 158 115 158
92 158 103 158
80 158 91 158
68 158 79 158
44 158 55 158
32 158 43 158
20 158 31 158
8 158 19 158
188 159 199 159
176 159 187 159
152 159 163 159
140 159 151 159
128 159 139 159
116 159 127 159
92 159 103 159
80 159 91 159
68 159 79 159
56 159 67 159
44 159 55 159
32 159 43 159
20 159 31 159
0 159 7 159
176 160 187 160
152 160 163 160
140 160 151 160
116 160 127 160
104 160 115 160
92 160 103 160
68 160 79 160
56 160 67 160
44 160 55 160
32 160 43 160
8 160 19 160
0 160 7 160
188 161 199 161
164 161 175 161
152 161 163 161
140 161 151 161
128 161 139 161
116 161 127 161
104 161 115 161
92 161 103 161
80 161 91 161
68 161 79 161
56 161 67 161
44 161 55 161
32 161 43 161
20 161 31 161
8 161 19 161
0 161 7 161
188 162 199 162
176 162 187 162
164 162 175 162
152 162 163 162
128 162 139 162
116 162 127 162
104 162 115 162
92 162 103 162
80 162 91 162
44 162 55 162
20 162 31 162
8 162 19 162
188 163 199 163
176 163 187 163
152 163 163 163
140 163 151 163
116 163 127 163
104 163 115 163
80 163 91 163
68 163 79 163
56 163 67 163
44 163 55 163
32 163 43 163
20 163 31 163
8 163 19 163
188 164 199 164
176 164 187 164
164 164 175 164
140 164 151 164
116 164 127 164
104 164 115 164
92 164 103 164
80 164 91 164
56 164 67 164
44 164 55 164
32 164 43 164
20 164 31 164
8 164 19 164
188 165 199 165
176 165 187 165
164 165 175 165
152 165 163 165
140 165 151 165
116 165 127 165
104 165 115 165
92 165 103 165
80 165 91 165
68 165 79 165
56 165 67 165
44 165 55 165
32 165 43 165
20 165 31 165
8 165 19 165
176 166 187 166
164 166 175 166
152 166 163 166
140 166 151 166
128 166 139 166
116 166 127 166
104 166 115 166
92 166 103 166
80 166 91 166
68 166 79 166
44 166 55 166
32 166 43 166
20 166 31 166
0 166 7 166
176 167 187 167
164 167 175 167
152 167 163 167
140 167 151 167
128 167 139 167
116 167 127 167
104 167 115 167
92 167 103 167
80 167 91 167
68 167 79 167
56 167 67 167
44 167 55 167
20 167 31 167
8 167 19 167
0 167 7 167
176 168 187 168
164 168 175 168
152 168 163 168
140 168 151 168
128 168 139 168
104 168 115 168
92 168 103 168
80 168 91 168
68 168 79 168
56 168 67 168
44 168 55 168
32 168 43 168
20 168 31 168
8 168 19 168
176 169 187 169
164 169 175 169
152 169 163 169
128 169 139 169
92 169 103 169
80 169 91 169
68 169 79 169
44 169 55 169
32 169 43 169
8 169 19 169
188 170 199 170
164 170 175 170
152 170 163 170
140 170 151 170
128 170 139 170
116 170 127 170
104 170 115 170
92 170 103 170
80 170 91 170
68 170 79 170
44 170 55 170
32 170 43 170
8 170 19 170
0 170 7 170
188 171 199 171
176 171 187 171
164 171 175 171
152 171 163 171
140 171 151 171
128 171 139 171
116 171 127 171
104 171 115 171
92 171 103 171
80 171 91 171
68 171 79 171
56 171 67 171
44 171 55 171
32 171 43 171
20 171 31 171
8 171 19 171
188 172 199 172
164 172 175 172
152 172 163 172
140 172 151 172
128 172 139 172
116 172 127 172
104 172 115 172
92 172 103 172
80 172 91 172
68 172 79 172
56 172 67 172
44 172 55 172
32 172 43 172
20 172 31 172
8 172 19 172
188 173 199 173
176 173 187 173
152 173 163 173
140 173 151 173
128 173 139 173
116 173 127 173
104 173 115 173
80 173 91 173
68 173 79 173
56 173 67 173
32 173 43 173
20 173 31 173
8 173 19 173
188 174 199 174
176 174 187 174
164 174 175 174
152 174 163 174
116 174 127 174
104 174 115 174
92 174 103 174
80 174 91 174
56 174 67 174
44 174 55 174
32 174 43 174
20 174 31 174
8 174 19 174
188 175 199 175
164 175 175 175
152 175 163 175
140 175 151 175
116 175 127 175
92 175 103 175
80 175 91 175
68 175 79 175
56 175 67 175
20 175 31 175
8 175 19 175
188 176 199 176
176 176 187 176
164 176 175 176
152 176 163 176
140 176 151 176
128 176 139 176
116 176 127 176
104 176 115 176
92 176 103 176
80 176 91 176
68 176 79 176
56 176 67 176
44 176 55 176
32 176 43 176
20 176 31 176
8 176 19 176
188 177 199 177
176 177 187 177
164 177 175 177
152 177 163 177
140 177 151 177
128 177 139 177
116 177 127 177
104 177 115 177
92 177 103 177
80 177 91 177
68 177 79 177
56 177 67 177
44 177 55 177
32 177 43 177
20 177 31 177
8 177 19 177
0 177 7 177
188 178 199 178
176 178 187 178
164 178 175 178
152 178 163 178
140 178 151 178
116 178 127 178
92 178 103 178
80 178 91 178
68 178 79 178
56 178 67 178
44 178 55 178
32 178 43 178
20 178 31 178
0 178 7 178
188 179 199 179
176 179 187 179
164 179 175 179
152 179 163 179
140 179 151 179
128 179 139 179
116 179 127 179
104 179 115 179
92 179 103 179
80 179 91 179
68 179 79 179
56 179 67 179
44 179 55 179
32 179 43 179
20 179 31 179
188 180 199 180
176 180 187 180
164 180 175 180
152 180 163 180
140 180 151 180
128 180 139 180
116 180 127 180
104 180 115 180
92 180 103 180
80 180 91 180
68 180 79 180
56 180 67 180
44 180 55 180
32 180 43 180
20 180 31 180
8 180 19 180
188 181 199 181
176 181 187 181
164 181 175 181
152 181 163 181
128 181 139 181
116 181 127 181
104 181 115 181
92 181 103 181
80 181 91 181
68 181 79 181
56 181 67 181
44 181 55 181
32 181 43 181
20 181 31 181
8 181 19 181
188 182 199 182
176 182 187 182
164 182 175 182
152 182 163 182
140 182 151 182
128 182 139 182
116 182 127 182
104 182 115 182
92 182 103 182
56 182 67 182
44 182 55 182
32 182 43 182
20 182 31 182
8 182 19 182
188 183 199 183
176 183 187 183
164 183 175 183
152 183 163 183
140 183 151 183
128 183 139 183
116 183 127 183
104 183 115 183
80 183 91 183
68 183 79 183
44 183 55 183
32 183 43 183
20 183 31 183
0 183 7 183
188 184 199 184
176 184 187 184
164 184 175 184
140 184 151 184
116 184 127 184
104 184 115 184
80 184 91 184
68 184 79 184
56 184 67 184
44 184 55 184
32 184 43 184
20 184 31 184
8 184 19 184
0 184 7 184
188 185 199 185
176 185 187 185
164 185 175 185
152 185 163 185
140 185 151 185
128 185 139 185
116 185 127 185
104 185 115 185
92 185 103 185
56 185 67 185
44 185 55 185
32 185 43 185
20 185 31 185
8 185 19 185
188 186 199 186
176 186 187 186
164 186 175 186
140 186 151 186
128 186 139 186
116 186 127 186
104 186 115 186
92 186 103 186
80 186 91 186
68 186 79 186
56 186 67 186
44 186 55 186
32 186 43 186
8 186 19 186
188 187 199 187
176 187 187 187
164 187 175 187
152 187 163 187
140 187 151 187
128 187 139 187
116 187 127 187
104 187 115 187
92 187 103 187
80 187 91 187
68 187 79 187
44 187 55 187
32 187 43 187
20 187 31 187
8 187 19 187
188 188 199 188
176 188 187 188
164 188 175 188
152 188 163 188
140 188 151 188
128 188 139 188
116 188 127 188
104 188 115 188
92 188 103 188
80 188 91 188
68 188 79 188
56 188 67 188
44 188 55 188
20 188 31 188
8 188 19 188
176 189 187 189
164 189 175 189
152 189 163 189
128 189 139 189
116 189 127 189
104 189 115 189
92 189 103 189
80 189 91 189
56 189 67 189
44 189 55 189
20 189 31 189
8 189 19 189
0 189 7 189
176 190 187 190
164 190 175 190
152 190 163 190
140 190 151 190
128 190 139 190
116 190 127 190
92 190 103 190
80 190 91 190
68 190 79 190
56 190 67 190
32 190 43 190
8 190 19 190
176 191 187 191
164 191 175 191
152 191 163 191
140 191 151 191
128 191 139 191
116 191 127 191
104 191 115 191
92 191 103 191
80 191 91 191
68 191 79 191
56 191 67 191
44 191 55 191
32 191 43 191
20 191 31 191
8 191 19 191
0 191 7 191
188 192 199 192
176 192 187 192
152 192 163 192
140 192 151 192
128 192 139 192
116 192 127 192
104 192 115 192
92 192 103 192
80 192 91 192
68 192 79 192
44 192 55 192
20 192 31 192
8 192 19 192
0 192 7 192
188 193 199 193
176 193 187 193
164 193 175 193
152 193 163 193
140 193 151 193
128 193 139 193
116 193 127 193
104 193 115 193
92 193 103 193
80 193 91 193
68 193 79 193
56 193 67 193
44 193 55 193
32 193 43 193
20 193 31 193
176 194 187 194
164 194 175 194
152 194 163 194
140 194 151 194
116 194 127 194
104 194 115 194
92 194 103 194
68 194 79 194
56 194 67 194
44 194 55 194
32 194 43 194
20 194 31 194
188 195 199 195
176 195 187 195
164 195 175 195
152 195 163 195
140 195 151 195
128 195 139 195
116 195 127 195
104 195 115 195
92 195 103 195
68 195 79 195
56 195 67 195
44 195 55 195
20 195 31 195
8 195 19 195
188 196 199 196
176 196 187 196
152 196 163 196
140 196 151 196
128 196 139 196
116 196 127 196
104 196 115 196
92 196 103 196
56 196 67 196
44 196 55 196
32 196 43 196
20 196 31 196
8 196 19 196
188 197 199 197
164 197 175 197
152 197 163 197
128 197 139 197
116 197 127 197
104 197 115 197
92 197 103 197
80 197 91 197
68 197 79 197
56 197 67 197
32 197 43 197
20 197 31 197
8 197 19 197
0 197 7 197
188 198 199 198
176 198 187 198
152 198 163 198
140 198 151 198
128 198 139 198
116 198 127 198
104 198 115 198
92 198 103 198
80 198 91 198
68 198 79 198
56 198 67 198
44 198 55 198
32 198 43 198
20 198 31 198
8 198 19 198
176 199 187 199
164 199 175 199
152 199 163 199
140 199 151 199
128 199 139 199
116 199 127 199
104 199 115 199
92 199 103 199
80 199 91 199
68 199 79 199
44 199 55 199
20 199 31 199
8 199 19 199
188 200 199 200
176 200 187 200
164 200 175 200
152 200 163 200
140 200 151 200
128 200 139 200
116 200 127 200
104 200 115 200
92 200 103 200
80 200 91 200
68 200 79 200
56 200 67 200
44 200 55 200
32 200 43 200
20 200 31 200
8 200 19 200
188 201 199 201
176 201 187 201
152 201 163 201
140 201 151 201
128 201 139 201
116 201 127 201
104 201 115 201
80 201 91 201
56 201 67 201
44 201 55 201
32 201 43 201
20 201 31 201
188 202 199 202
176 202 187 202
164 202 175 202
152 202 163 202
140 202 151 202
128 202 139 202
104 202 115 202
92 202 103 202
80 202 91 202
68 202 79 202
56 202 67 202
20 202 31 202
8 202 19 202
188 203 199 203
164 203 175 203
152 203 163 203
140 203 151 203
128 203 139 203
116 203 127 203
104 203 115 203
92 203 103 203
80 203 91 203
68 203 79 203
56 203 67 203
44 203 55 203
32 203 43 203
20 203 31 203
8 203 19 203
188 204 199 204
176 204 187 204
164 204 175 204
152 204 163 204
140 204 151 204
128 204 139 204
116 204 127 204
104 204 115 204
92 204 103 204
68 204 79 204
56 204 67 204
44 204 55 204
32 204 43 204
8 204 19 204
188 205 199 205
176 205 187 205
164 205 175 205
152 205 163 205
140 205 151 205
128 205 139 205
116 205 127 205
104 205 115 205
92 205 103 205
68 205 79 205
56 205 67 205
44 205 55 205
32 205 43 205
20 205 31 205
8 205 19 205
0 205 7 205
188 206 199 206
176 206 187 206
164 206 175 206
152 206 163 206
140 206 151 206
128 206 139 206
116 206 127 206
104 206 115 206
92 206 103 206
80 206 91 206
68 206 79 206
56 206 67 206
44 206 55 206
32 206 43 206
20 206 31 206
8 206 19 206
0 206 7 206
188 207 199 207
176 207 187 207
164 207 175 207
152 207 163 207
128 207 139 207
116 207 127 207
104 207 115 207
92 207 103 207
80 207 91 207
68 207 79 207
32 207 43 207
20 207 31 207
8 207 19 207
0 207 7 207
188 208 199 208
176 208 187 208
152 208 163 208
140 208 151 208
128 208 139 208
116 208 127 208
104 208 115 208
92 208 103 208
80 208 91 208
68 208 79 208
56 208 67 208
44 208 55 208
32 208 43 208
20 208 31 208
8 208 19 208
188 209 199 209
176 209 187 209
164 209 175 209
152 209 163 209
140 209 151 209
128 209 139 209
116 209 127 209
104 209 115 209
92 209 103 209
80 209 91 209
68 209 79 209
56 209 67 209
32 209 43 209
20 209 31 209
8 209 19 209
188 210 199 210
176 210 187 210
164 210 175 210
152 210 163 210
140 210 151 210
128 210 139 210
116 210 127 210
92 210 103 210
80 210 91 210
68 210 79 210
56 210 67 210
32 210 43 210
20 210 31 210
8 210 19 210
164 211 175 211
152 211 163 211
140 211 151 211
128 211 139 211
116 211 127 211
104 211 115 211
92 211 103 211
56 211 67 211
44 211 55 211
32 211 43 211
20 211 31 211
8 211 19 211
188 212 199 212
176 212 187 212
140 212 151 212
128 212 139 212
116 212 127 212
104 212 115 212
92 212 103 212
80 212 91 212
68 212 79 212
56 212 67 212
44 212 55 212
20 212 31 212
8 212 19 212
0 212 7 212
188 213 199 213
176 213 187 213
164 213 175 213
152 213 163 213
140 213 151 213
128 213 139 213
116 213 127 213
92 213 103 213
80 213 91 213
68 213 79 213
56 213 67 213
44 213 55 213
32 213 43 213
20 213 31 213
188 214 199 214
176 214 187 214
164 214 175 214
152 214 163 214
140 214 151 214
128 214 139 214
116 214 127 214
92 214 103 214
80 214 91 214
68 214 79 214
56 214 67 214
44 214 55 214
32 214 43 214
8 214 19 214
0 214 7 214
188 215 199 215
176 215 187 215
164 215 175 215
152 215 163 215
140 215 151 215
128 215 139 215
116 215 127 215
104 215 115 215
92 215 103 215
80 215 91 215
68 215 79 215
56 215 67 215
44 215 55 215
32 215 43 215
8 215 19 215
0 215 7 215
188 216 199 216
176 216 187 216
164 216 175 216
152 216 163 216
140 216 151 216
128 216 139 216
116 216 127 216
92 216 103 216
80 216 91 216
68 216 79 216
56 216 67 216
44 216 55 216
32 216 43 216
20 216 31 216
8 216 19 216
188 217 199 217
176 217 187 217
164 217 175 217
152 217 163 217
140 217 151 217
128 217 139 217
116 217 127 217
104 217 115 217
92 217 103 217
80 217 91 217
68 217 79 217
56 217 67 217
32 217 43 217
20 217 31 217
8 217 19 217
176 218 187 218
164 218 175 218
152 218 163 218
140 218 151 218
128 218 139 218
116 218 127 218
104 218 115 218
92 218 103 218
68 218 79 218
44 218 55 218
32 218 43 218
20 218 31 218
8 218 19 218
0 218 7 218
188 219 199 219
176 219 187 219
164 219 175 219
152 219 163 219
140 219 151 219
128 219 139 219
116 219 127 219
92 219 103 219
80 219 91 219
68 219 79 219
56 219 67 219
44 219 55 219
32 219 43 219
8 219 19 219
188 220 199 220
176 220 187 220
164 220 175 220
152 220 163 220
140 220 151 220
128 220 139 220
104 220 115 220
80 220 91 220
68 220 79 220
56 220 67 220
44 220 55 220
32 220 43 220
20 220 31 220
8 220 19 220
0 220 7 220
188 221 199 221
176 221 187 221
164 221 175 221
152 221 163 221
140 221 151 221
128 221 139 221
116 221 127 221
104 221 115 221
92 221 103 221
80 221 91 221
56 221 67 221
44 221 55 221
32 221 43 221
20 221 31 221
8 221 19 221
176 222 187 222
164 222 175 222
152 222 163 222
140 222 151 222
116 222 127 222
104 222 115 222
92 222 103 222
80 222 91 222
68 222 79 222
56 222 67 222
44 222 55 222
32 222 43 222
20 222 31 222
8 222 19 222
188 223 199 223
176 223 187 223
164 223 175 223
140 223 151 223
128 223 139 223
116 223 127 223
104 223 115 223
92 223 103 223
80 223 91 223
68 223 79 223
56 223 67 223
44 223 55 223
32 223 43 223
8 223 19 223
188 224 199 224
176 224 187 224
164 224 175 224
152 224 163 224
140 224 151 224
128 224 139 224
116 224 127 224
80 224 91 224
56 224 67 224
44 224 55 224
32 224 43 224
20 224 31 224
188 225 199 225
164 225 175 225
152 225 163 225
140 225 151 225
128 225 139 225
116 225 127 225
104 225 115 225
92 225 103 225
80 225 91 225
68 225 79 225
56 225 67 225
44 225 55 225
20 225 31 225
188 226 199 226
164 226 175 226
152 226 163 226
128 226 139 226
116 226 127 226
104 226 115 226
92 226 103 226
80 226 91 226
68 226 79 226
56 226 67 226
44 226 55 226
32 226 43 226
8 226 19 226
164 227 175 227
152 227 163 227
140 227 151 227
128 227 139 227
116 227 127 227
104 227 115 227
92 227 103 227
80 227 91 227
68 227 79 227
56 227 67 227
44 227 55 227
32 227 43 227
20 227 31 227
188 228 199 228
176 228 187 228
164 228 175 228
152 228 163 228
140 228 151 228
128 228 139 228
116 228 127 228
104 228 115 228
92 228 103 228
80 228 91 228
68 228 79 228
32 228 43 228
8 228 19 228
176 229 187 229
164 229 175 229
152 229 163 229
140 229 151 229
128 229 139 229
116 229 127 229
104 229 115 229
92 229 103 229
80 229 91 229
68 229 79 229
56 229 67 229
44 229 55 229
32 229 43 229
20 229 31 229
8 229 19 229
188 230 199 230
176 230 187 230
164 230 175 230
152 230 163 230
140 230 151 230
128 230 139 230
116 230 127 230
104 230 115 230
92 230 103 230
80 230 91 230
68 230 79 230
56 230 67 230
44 230 55 230
32 230 43 230
20 230 31 230
8 230 19 230
188 231 199 231
176 231 187 231
164 231 175 231
152 231 163 231
116 231 127 231
104 231 115 231
92 231 103 231
80 231 91 231
68 231 79 231
44 231 55 231
32 231 43 231
20 231 31 231
8 231 19 231
0 231 7 231
188 232 199 232
176 232 187 232
164 232 175 232
152 232 163 232
140 232 151 232
116 232 127 232
92 232 103 232
80 232 91 232
68 232 79 232
56 232 67 232
44 232 55 232
32 232 43 232
20 232 31 232
8 232 19 232
188 233 199 233
176 233 187 233
152 233 163 233
140 233 151 233
128 233 139 233
116 233 127 233
104 233 115 233
92 233 103 233
56 233 67 233
44 233 55 233
32 233 43 233
20 233 31 233
8 233 19 233
188 234 199 234
176 234 187 234
164 234 175 234
152 234 163 234
140 234 151 234
128 234 139 234
116 234 127 234
104 234 115 234
92 234 103 234
80 234 91 234
68 234 79 234
56 234 67 234
44 234 55 234
32 234 43 234
20 234 31 234
8 234 19 234
188 235 199 235
176 235 187 235
164 235 175 235
152 235 163 235
140 235 151 235
128 235 139 235
116 235 127 235
104 235 115 235
92 235 103 235
80 235 91 235
68 235 79 235
56 235 67 235
44 235 55 235
32 235 43 235
20 235 31 235
8 235 19 235
188 236 199 236
176 236 187 236
164 236 175 236
152 236 163 236
140 236 151 236
128 236 139 236
116 236 127 236
104 236 115 236
92 236 103 236
80 236 91 236
68 236 79 236
44 236 55 236
32 236 43 236
20 236 31 236
188 237 199 237
176 237 187 237
164 237 175 237
152 237 163 237
140 237 151 237
116 237 127 237
104 237 115 237
92 237 103 237
80 237 91 237
68 237 79 237
56 237 67 237
44 237 55 237
32 237 43 237
20 237 31 237
8 237 19 237
176 238 187 238
164 238 175 238
152 238 163 238
128 238 139 238
116 238 127 238
92 238 103 238
80 238 91 238
68 238 79 238
56 238 67 238
44 238 55 238
20 238 31 238
8 238 19 238
188 239 199 239
176 239 187 239
164 239 175 239
140 239 151 239
128 239 139 239
116 239 127 239
104 239 115 239
92 239 103 239
80 239 91 239
56 239 67 239
44 239 55 239
32 239 43 239
20 239 31 239
8 239 19 239
188 240 199 240
176 240 187 240
164 240 175 240
152 240 163 240
140 240 151 240
128 240 139 240
104 240 115 240
92 240 103 240
80 240 91 240
68 240 79 240
56 240 67 240
32 240 43 240
8 240 19 240
188 241 199 241
164 241 175 241
152 241 163 241
140 241 151 241
128 241 139 241
116 241 127 241
104 241 115 241
92 241 103 241
80 241 91 241
68 241 79 241
56 241 67 241
44 241 55 241
32 241 43 241
20 241 31 241
188 242 199 242
164 242 175 242
140 242 151 242
128 242 139 242
116 242 127 242
104 242 115 242
92 242 103 242
80 242 91 242
68 242 79 242
56 242 67 242
44 242 55 242
32 242 43 242
8 242 19 242
176 243 187 243
164 243 175 243
152 243 163 243
128 243 139 243
116 243 127 243
104 243 115 243
92 243 103 243
68 243 79 243
56 243 67 243
44 243 55 243
32 243 43 243
20 243 31 243
8 243 19 243
0 243 7 243
188 244 199 244
164 244 175 244
152 244 163 244
116 244 127 244
104 244 115 244
92 244 103 244
80 244 91 244
56 244 67 244
32 244 43 244
20 244 31 244
8 244 19 244
0 244 7 244
188 245 199 245
176 245 187 245
164 245 175 245
140 245 151 245
128 245 139 245
116 245 127 245
104 245 115 245
92 245 103 245
80 245 91 245
68 245 79 245
44 245 55 245
20 245 31 245
8 245 19 245
188 246 199 246
176 246 187 246
164 246 175 246
152 246 163 246
140 246 151 246
128 246 139 246
116 246 127 246
104 246 115 246
80 246 91 246
68 246 79 246
56 246 67 246
44 246 55 246
32 246 43 246
20 246 31 246
8 246 19 246
188 247 199 247
176 247 187 247
164 247 175 247
140 247 151 247
128 247 139 247
116 247 127 247
104 247 115 247
92 247 103 247
80 247 91 247
68 247 79 247
56 247 67 247
44 247 55 247
32 247 43 247
8 247 19 247
0 247 7 247
188 248 199 248
176 248 187 248
164 248 175 248
152 248 163 248
140 248 151 248
128 248 139 248
116 248 127 248
104 248 115 248
92 248 103 248
80 248 91 248
68 248 79 248
56 248 67 248
44 248 55 248
32 248 43 248
20 248 31 248
8 248 19 248
188 249 199 249
176 249 187 249
164 249 175 249
152 249 163 249
140 249 151 249
128 249 139 249
116 249 127 249
92 249 103 249
80 249 91 249
68 249 79 249
32 249 43 249
20 249 31 249
8 249 19 249
