3529
0 238 0 249
0 226 0 237
0 190 0 201
0 178 0 189
0 166 0 177
0 154 0 165
0 142 0 153
0 130 0 141
0 118 0 129
0 106 0 117
0 94 0 105
0 82 0 93
0 70 0 81
0 58 0 69
0 46 0 57
0 34 0 45
0 22 0 33
0 10 0 21
0 0 0 9
1 226 1 237
1 214 1 225
1 202 1 213
1 178 1 189
1 166 1 177
1 154 1 165
1 142 1 153
1 130 1 141
1 118 1 129
1 106 1 117
1 94 1 105
1 82 1 93
1 58 1 69
1 46 1 57
1 34 1 45
1 22 1 33
1 10 1 21
1 0 1 9
2 238 2 249
2 226 2 237
2 214 2 225
2 202 2 213
2 166 2 177
2 154 2 165
2 142 2 153
2 130 2 141
2 118 2 129
2 106 2 117
2 94 2 105
2 82 2 93
2 70 2 81
2 58 2 69
2 46 2 57
2 34 2 45
2 22 2 33
2 10 2 21
3 238 3 249
3 226 3 237
3 214 3 225
3 190 3 201
3 178 3 189
3 154 3 165
3 142 3 153
3 130 3 141
3 118 3 129
3 106 3 117
3 94 3 105
3 82 3 93
3 70 3 81
3 58 3 69
3 46 3 57
3 34 3 45
3 22 3 33
3 10 3 21
3 0 3 9
4 238 4 249
4 226 4 237
4 214 4 225
4 202 4 213
4 190 4 201
4 154 4 165
4 142 4 153
4 130 4 141
4 106 4 117
4 94 4 105
4 70 4 81
4 58 4 69
4 46 4 57
4 34 4 45
4 22 4 33
4 10 4 21
4 0 4 9
5 238 5 249
5 226 5 237
5 214 5 225
5 202 5 213
5 190 5 201
5 178 5 189
5 166 5 177
5 154 5 165
5 142 5 153
5 130 5 141
5 106 5 117
5 94 5 105
5 82 5 93
5 70 5 81
5 34 5 45
5 22 5 33
5 10 5 21
5 0 5 9
6 238 6 249
6 226 6 237
6 202 6 213
6 190 6 201
6 178 6 189
6 166 6 177
6 154 6 165
6 142 6 153
6 130 6 141
6 118 6 129
6 106 6 117
6 94 6 105
6 82 6 93
6 70 6 81
6 58 6 69
6 46 6 57
6 34 6 45
6 22 6 33
6 10 6 21
6 0 6 9
7 238 7 249
7 226 7 237
7 214 7 225
7 202 7 213
7 190 7 201
7 178 7 189
7 166 7 177
7 154 7 165
7 142 7 153
7 130 7 141
7 118 7 129
7 106 7 117
7 94 7 105
7 82 7 93
7 70 7 81
7 58 7 69
7 46 7 57
7 34 7 45
7 22 7 33
7 10 7 21
7 0 7 9
8 238 8 249
8 202 8 213
8 190 8 201
8 178 8 189
8 166 8 177
8 154 8 165
8 142 8 153
8 130 8 141
8 118 8 129
8 106 8 117
8 94 8 105
8 82 8 93
8 70 8 81
8 58 8 69
8 46 8 57
8 34 8 45
8 22 8 33
8 10 8 21
8 0 8 9
9 226 9 237
9 214 9 225
9 202 9 213
9 190 9 201
9 178 9 189
9 166 9 177
9 130 9 141
9 118 9 129
9 106 9 117
9 82 9 93
9 70 9 81
9 46 9 57
9 34 9 45
9 22 9 33
9 10 9 21
10 238 10 249
10 226 10 237
10 214 10 225
10 202 10 213
10 190 10 201
10 178 10 189
10 166 10 177
10 154 10 165
10 142 10 153
10 130 10 141
10 118 10 129
10 94 10 105
10 82 10 93
10 70 10 81
10 58 10 69
10 46 10 57
10 34 10 45
10 22 10 33
10 10 10 21
10 0 10 9
11 238 11 249
11 226 11 237
11 214 11 225
11 202 11 213
11 190 11 201
11 142 11 153
11 130 11 141
11 106 11 117
11 82 11 93
11 70 11 81
11 58 11 69
11 46 11 57
11 34 11 45
11 22 11 33
11 10 11 21
11 0 11 9
12 226 12 237
12 214 12 225
12 202 12 213
12 190 12 201
12 178 12 189
12 166 12 177
12 154 12 165
12 142 12 153
12 130 12 141
12 118 12 129
12 106 12 117
12 94 12 105
12 70 12 81
12 58 12 69
12 46 12 57
12 34 12 45
12 22 12 33
12 10 12 21
12 0 12 9
13 238 13 249
13 226 13 237
13 214 13 225
13 202 13 213
13 190 13 201
13 178 13 189
13 154 13 165
13 130 13 141
13 118 13 129
13 106 13 117
13 94 13 105
13 82 13 93
13 70 13 81
13 58 13 69
13 46 13 57
13 34 13 45
13 22 13 33
13 0 13 9
14 238 14 249
14 226 14 237
14 214 14 225
14 202 14 213
14 190 14 201
14 178 14 189
14 166 14 177
14 142 14 153
14 130 14 141
14 118 14 129
14 106 14 117
14 94 14 105
14 82 14 93
14 70 14 81
14 58 14 69
14 46 14 57
14 34 14 45
14 22 14 33
14 10 14 21
14 0 14 9
15 238 15 249
15 226 15 237
15 214 15 225
15 202 15 213
15 178 15 189
15 166 15 177
15 142 15 153
15 130 15 141
15 118 15 129
15 106 15 117
15 94 15 105
15 82 15 93
15 70 15 81
15 58 15 69
15 46 15 57
15 34 15 45
15 22 15 33
15 10 15 21
15 0 15 9
16 238 16 249
16 214 16 225
16 202 16 213
16 190 16 201
16 166 16 177
16 154 16 165
16 142 16 153
16 118 16 129
16 106 16 117
16 94 16 105
16 58 16 69
16 46 16 57
16 34 16 45
16 22 16 33
16 10 16 21
16 0 16 9
17 238 17 249
17 226 17 237
17 214 17 225
17 202 17 213
17 190 17 201
17 178 17 189
17 166 17 177
17 154 17 165
17 130 17 141
17 118 17 129
17 94 17 105
17 82 17 93
17 70 17 81
17 58 17 69
17 46 17 57
17 22 17 33
17 10 17 21
17 0 17 9
18 238 18 249
18 226 18 237
18 214 18 225
18 202 18 213
18 190 18 201
18 178 18 189
18 166 18 177
18 142 18 153
18 130 18 141
18 106 18 117
18 94 18 105
18 82 18 93
18 58 18 69
18 46 18 57
18 34 18 45
18 22 18 33
18 10 18 21
18 0 18 9
19 238 19 249
19 226 19 237
19 214 19 225
19 202 19 213
19 190 19 201
19 178 19 189
19 166 19 177
19 154 19 165
19 142 19 153
19 130 19 141
19 118 19 129
19 94 19 105
19 82 19 93
19 70 19 81
19 58 19 69
19 46 19 57
19 34 19 45
19 22 19 33
20 238 20 249
20 226 20 237
20 214 20 225
20 202 20 213
20 190 20 201
20 178 20 189
20 166 20 177
20 154 20 165
20 106 20 117
20 82 20 93
20 46 20 57
20 34 20 45
20 22 20 33
20 10 20 21
20 0 20 9
21 226 21 237
21 214 21 225
21 202 21 213
21 178 21 189
21 166 21 177
21 154 21 165
21 142 21 153
21 130 21 141
21 118 21 129
21 106 21 117
21 94 21 105
21 82 21 93
21 70 21 81
21 58 21 69
21 46 21 57
21 34 21 45
21 22 21 33
21 10 21 21
21 0 21 9
22 238 22 249
22 226 22 237
22 214 22 225
22 202 22 213
22 190 22 201
22 178 22 189
22 166 22 177
22 154 22 165
22 142 22 153
22 130 22 141
22 118 22 129
22 106 22 117
22 94 22 105
22 82 22 93
22 70 22 81
22 58 22 69
22 46 22 57
22 34 22 45
22 22 22 33
22 10 22 21
22 0 22 9
23 238 23 249
23 226 23 237
23 214 23 225
23 202 23 213
23 190 23 201
23 178 23 189
23 166 23 177
23 154 23 165
23 142 23 153
23 130 23 141
23 94 23 105
23 82 23 93
23 70 23 81
23 58 23 69
23 46 23 57
23 34 23 45
23 22 23 33
23 10 23 21
23 0 23 9
24 238 24 249
24 226 24 237
24 214 24 225
24 202 24 213
24 190 24 201
24 178 24 189
24 154 24 165
24 142 24 153
24 130 24 141
24 118 24 129
24 94 24 105
24 82 24 93
24 70 24 81
24 58 24 69
24 46 24 57
24 34 24 45
24 22 24 33
24 0 24 9
25 238 25 249
25 226 25 237
25 202 25 213
25 178 25 189
25 166 25 177
25 142 25 153
25 130 25 141
25 118 25 129
25 106 25 117
25 94 25 105
25 82 25 93
25 46 25 57
25 34 25 45
25 22 25 33
25 10 25 21
25 0 25 9
26 238 26 249
26 226 26 237
26 214 26 225
26 190 26 201
26 178 26 189
26 166 26 177
26 154 26 165
26 142 26 153
26 118 26 129
26 106 26 117
26 94 26 105
26 82 26 93
26 70 26 81
26 58 26 69
26 46 26 57
26 34 26 45
26 22 26 33
26 10 26 21
26 0 26 9
27 226 27 237
27 214 27 225
27 202 27 213
27 178 27 189
27 166 27 177
27 154 27 165
27 142 27 153
27 130 27 141
27 118 27 129
27 106 27 117
27 58 27 69
27 46 27 57
27 34 27 45
27 22 27 33
27 10 27 21
27 0 27 9
28 226 28 237
28 202 28 213
28 190 28 201
28 178 28 189
28 166 28 177
28 154 28 165
28 106 28 117
28 94 28 105
28 70 28 81
28 46 28 57
28 34 28 45
28 22 28 33
28 10 28 21
28 0 28 9
29 238 29 249
29 226 29 237
29 214 29 225
29 202 29 213
29 190 29 201
29 166 29 177
29 154 29 165
29 142 29 153
29 130 29 141
29 118 29 129
29 106 29 117
29 94 29 105
29 82 29 93
29 70 29 81
29 58 29 69
29 46 29 57
29 34 29 45
29 22 29 33
29 10 29 21
29 0 29 9
30 238 30 249
30 214 30 225
30 202 30 213
30 190 30 201
30 178 30 189
30 166 30 177
30 154 30 165
30 142 30 153
30 130 30 141
30 118 30 129
30 106 30 117
30 94 30 105
30 82 30 93
30 70 30 81
30 58 30 69
30 46 30 57
30 34 30 45
30 22 30 33
30 10 30 21
30 0 30 9
31 238 31 249
31 226 31 237
31 214 31 225
31 202 31 213
31 190 31 201
31 166 31 177
31 154 31 165
31 142 31 153
31 130 31 141
31 106 31 117
31 94 31 105
31 82 31 93
31 70 31 81
31 58 31 69
31 34 31 45
31 10 31 21
31 0 31 9
32 238 32 249
32 226 32 237
32 214 32 225
32 202 32 213
32 190 32 201
32 178 32 189
32 166 32 177
32 154 32 165
32 142 32 153
32 130 32 141
32 118 32 129
32 106 32 117
32 94 32 105
32 82 32 93
32 70 32 81
32 58 32 69
32 46 32 57
32 34 32 45
32 22 32 33
32 10 32 21
32 0 32 9
33 226 33 237
33 214 33 225
33 178 33 189
33 166 33 177
33 154 33 165
33 142 33 153
33 130 33 141
33 118 33 129
33 94 33 105
33 82 33 93
33 70 33 81
33 58 33 69
33 46 33 57
33 34 33 45
33 22 33 33
33 10 33 21
33 0 33 9
34 238 34 249
34 214 34 225
34 202 34 213
34 190 34 201
34 178 34 189
34 166 34 177
34 154 34 165
34 142 34 153
34 130 34 141
34 118 34 129
34 106 34 117
34 82 34 93
34 70 34 81
34 58 34 69
34 46 34 57
34 34 34 45
35 238 35 249
35 226 35 237
35 214 35 225
35 202 35 213
35 190 35 201
35 166 35 177
35 154 35 165
35 142 35 153
35 130 35 141
35 118 35 129
35 106 35 117
35 94 35 105
35 82 35 93
35 70 35 81
35 58 35 69
35 46 35 57
35 34 35 45
35 22 35 33
35 10 35 21
36 238 36 249
36 226 36 237
36 214 36 225
36 202 36 213
36 190 36 201
36 166 36 177
36 154 36 165
36 142 36 153
36 130 36 141
36 118 36 129
36 106 36 117
36 82 36 93
36 70 36 81
36 58 36 69
36 46 36 57
36 34 36 45
36 22 36 33
36 10 36 21
36 0 36 9
37 238 37 249
37 226 37 237
37 214 37 225
37 202 37 213
37 190 37 201
37 166 37 177
37 154 37 165
37 142 37 153
37 130 37 141
37 118 37 129
37 106 37 117
37 94 37 105
37 82 37 93
37 70 37 81
37 58 37 69
37 46 37 57
37 34 37 45
37 22 37 33
37 10 37 21
37 0 37 9
38 238 38 249
38 226 38 237
38 214 38 225
38 190 38 201
38 178 38 189
38 154 38 165
38 142 38 153
38 130 38 141
38 118 38 129
38 94 38 105
38 70 38 81
38 58 38 69
38 46 38 57
38 34 38 45
38 22 38 33
38 10 38 21
39 238 39 249
39 226 39 237
39 214 39 225
39 190 39 201
39 178 39 189
39 166 39 177
39 154 39 165
39 142 39 153
39 130 39 141
39 118 39 129
39 106 39 117
39 94 39 105
39 82 39 93
39 46 39 57
39 34 39 45
39 22 39 33
39 10 39 21
40 238 40 249
40 214 40 225
40 202 40 213
40 190 40 201
40 178 40 189
40 154 40 165
40 142 40 153
40 130 40 141
40 94 40 105
40 82 40 93
40 70 40 81
40 58 40 69
40 46 40 57
40 10 40 21
41 238 41 249
41 226 41 237
41 214 41 225
41 202 41 213
41 190 41 201
41 178 41 189
41 154 41 165
41 142 41 153
41 130 41 141
41 118 41 129
41 106 41 117
41 94 41 105
41 82 41 93
41 70 41 81
41 58 41 69
41 46 41 57
41 34 41 45
41 22 41 33
41 10 41 21
41 0 41 9
42 226 42 237
42 214 42 225
42 202 42 213
42 190 42 201
42 178 42 189
42 166 42 177
42 154 42 165
42 142 42 153
42 130 42 141
42 106 42 117
42 94 42 105
42 70 42 81
42 58 42 69
42 46 42 57
42 22 42 33
42 0 42 9
43 238 43 249
43 226 43 237
43 202 43 213
43 190 43 201
43 178 43 189
43 166 43 177
43 154 43 165
43 142 43 153
43 130 43 141
43 118 43 129
43 106 43 117
43 94 43 105
43 82 43 93
43 70 43 81
43 46 43 57
43 22 43 33
43 10 43 21
43 0 43 9
44 238 44 249
44 226 44 237
44 214 44 225
44 202 44 213
44 190 44 201
44 178 44 189
44 166 44 177
44 154 44 165
44 142 44 153
44 130 44 141
44 118 44 129
44 106 44 117
44 94 44 105
44 82 44 93
44 70 44 81
44 58 44 69
44 46 44 57
44 34 44 45
44 22 44 33
44 0 44 9
45 226 45 237
45 214 45 225
45 202 45 213
45 190 45 201
45 178 45 189
45 166 45 177
45 154 45 165
45 142 45 153
45 130 45 141
45 118 45 129
45 106 45 117
45 94 45 105
45 82 45 93
45 70 45 81
45 58 45 69
45 46 45 57
45 34 45 45
45 22 45 33
45 10 45 21
46 238 46 249
46 226 46 237
46 214 46 225
46 202 46 213
46 190 46 201
46 178 46 189
46 166 46 177
46 154 46 165
46 142 46 153
46 130 46 141
46 118 46 129
46 94 46 105
46 82 46 93
46 70 46 81
46 58 46 69
46 46 46 57
46 34 46 45
46 22 46 33
46 10 46 21
47 226 47 237
47 214 47 225
47 190 47 201
47 166 47 177
47 154 47 165
47 142 47 153
47 118 47 129
47 106 47 117
47 94 47 105
47 82 47 93
47 70 47 81
47 34 47 45
47 22 47 33
47 10 47 21
47 0 47 9
48 238 48 249
48 226 48 237
48 214 48 225
48 202 48 213
48 190 48 201
48 178 48 189
48 166 48 177
48 154 48 165
48 142 48 153
48 130 48 141
48 118 48 129
48 94 48 105
48 82 48 93
48 70 48 81
48 46 48 57
48 34 48 45
48 22 48 33
49 238 49 249
49 226 49 237
49 214 49 225
49 202 49 213
49 190 49 201
49 178 49 189
49 166 49 177
49 154 49 165
49 142 49 153
49 130 49 141
49 118 49 129
49 106 49 117
49 94 49 105
49 82 49 93
49 70 49 81
49 10 49 21
49 0 49 9
50 238 50 249
50 226 50 237
50 214 50 225
50 202 50 213
50 190 50 201
50 178 50 189
50 166 50 177
50 154 50 165
50 130 50 141
50 118 50 129
50 94 50 105
50 82 50 93
50 70 50 81
50 58 50 69
50 46 50 57
50 34 50 45
50 22 50 33
50 10 50 21
50 0 50 9
51 238 51 249
51 226 51 237
51 214 51 225
51 202 51 213
51 190 51 201
51 178 51 189
51 166 51 177
51 154 51 165
51 142 51 153
51 130 51 141
51 118 51 129
51 106 51 117
51 94 51 105
51 82 51 93
51 70 51 81
51 46 51 57
51 34 51 45
51 22 51 33
51 10 51 21
51 0 51 9
52 214 52 225
52 202 52 213
52 190 52 201
52 166 52 177
52 154 52 165
52 142 52 153
52 118 52 129
52 94 52 105
52 82 52 93
52 70 52 81
52 58 52 69
52 46 52 57
52 10 52 21
52 0 52 9
53 238 53 249
53 226 53 237
53 214 53 225
53 202 53 213
53 190 53 201
53 178 53 189
53 142 53 153
53 130 53 141
53 118 53 129
53 106 53 117
53 94 53 105
53 82 53 93
53 70 53 81
53 58 53 69
53 34 53 45
53 22 53 33
53 10 53 21
53 0 53 9
54 238 54 249
54 226 54 237
54 202 54 213
54 190 54 201
54 178 54 189
54 166 54 177
54 154 54 165
54 142 54 153
54 130 54 141
54 118 54 129
54 82 54 93
54 70 54 81
54 46 54 57
54 34 54 45
54 22 54 33
54 10 54 21
54 0 54 9
55 238 55 249
55 214 55 225
55 190 55 201
55 178 55 189
55 166 55 177
55 154 55 165
55 142 55 153
55 130 55 141
55 118 55 129
55 94 55 105
55 70 55 81
55 58 55 69
55 46 55 57
55 34 55 45
55 22 55 33
55 10 55 21
55 0 55 9
56 238 56 249
56 214 56 225
56 190 56 201
56 178 56 189
56 166 56 177
56 154 56 165
56 142 56 153
56 130 56 141
56 118 56 129
56 94 56 105
56 82 56 93
56 70 56 81
56 58 56 69
56 46 56 57
56 34 56 45
56 10 56 21
56 0 56 9
57 238 57 249
57 226 57 237
57 214 57 225
57 202 57 213
57 190 57 201
57 178 57 189
57 166 57 177
57 154 57 165
57 130 57 141
57 118 57 129
57 94 57 105
57 82 57 93
57 70 57 81
57 34 57 45
57 22 57 33
57 10 57 21
57 0 57 9
58 238 58 249
58 226 58 237
58 214 58 225
58 202 58 213
58 190 58 201
58 178 58 189
58 166 58 177
58 154 58 165
58 142 58 153
58 118 58 129
58 94 58 105
58 82 58 93
58 70 58 81
58 58 58 69
58 34 58 45
58 22 58 33
58 10 58 21
58 0 58 9
59 238 59 249
59 190 59 201
59 178 59 189
59 166 59 177
59 154 59 165
59 142 59 153
59 130 59 141
59 118 59 129
59 106 59 117
59 94 59 105
59 82 59 93
59 70 59 81
59 58 59 69
59 46 59 57
59 34 59 45
59 22 59 33
59 10 59 21
59 0 59 9
60 238 60 249
60 226 60 237
60 214 60 225
60 202 60 213
60 190 60 201
60 166 60 177
60 154 60 165
60 142 60 153
60 130 60 141
60 118 60 129
60 106 60 117
60 82 60 93
60 70 60 81
60 58 60 69
60 46 60 57
60 34 60 45
60 22 60 33
60 10 60 21
61 238 61 249
61 226 61 237
61 214 61 225
61 202 61 213
61 190 61 201
61 178 61 189
61 166 61 177
61 154 61 165
61 142 61 153
61 130 61 141
61 118 61 129
61 106 61 117
61 94 61 105
61 58 61 69
61 46 61 57
61 34 61 45
61 22 61 33
61 10 61 21
62 238 62 249
62 226 62 237
62 214 62 225
62 202 62 213
62 178 62 189
62 166 62 177
62 154 62 165
62 142 62 153
62 106 62 117
62 94 62 105
62 82 62 93
62 58 62 69
62 46 62 57
62 34 62 45
62 22 62 33
62 10 62 21
62 0 62 9
63 238 63 249
63 226 63 237
63 214 63 225
63 202 63 213
63 190 63 201
63 166 63 177
63 154 63 165
63 142 63 153
63 130 63 141
63 118 63 129
63 106 63 117
63 94 63 105
63 70 63 81
63 58 63 69
63 46 63 57
63 34 63 45
63 22 63 33
63 10 63 21
64 238 64 249
64 214 64 225
64 202 64 213
64 190 64 201
64 178 64 189
64 142 64 153
64 130 64 141
64 118 64 129
64 106 64 117
64 94 64 105
64 58 64 69
64 46 64 57
65 238 65 249
65 226 65 237
65 214 65 225
65 202 65 213
65 190 65 201
65 178 65 189
65 166 65 177
65 154 65 165
65 142 65 153
65 130 65 141
65 118 65 129
65 106 65 117
65 94 65 105
65 82 65 93
65 70 65 81
65 58 65 69
65 46 65 57
65 34 65 45
65 22 65 33
66 238 66 249
66 226 66 237
66 214 66 225
66 202 66 213
66 178 66 189
66 166 66 177
66 154 66 165
66 142 66 153
66 130 66 141
66 118 66 129
66 106 66 117
66 94 66 105
66 82 66 93
66 70 66 81
66 58 66 69
66 46 66 57
66 34 66 45
66 22 66 33
66 10 66 21
66 0 66 9
67 238 67 249
67 226 67 237
67 214 67 225
67 202 67 213
67 166 67 177
67 154 67 165
67 142 67 153
67 130 67 141
67 118 67 129
67 106 67 117
67 94 67 105
67 82 67 93
67 70 67 81
67 58 67 69
67 46 67 57
67 34 67 45
67 22 67 33
67 10 67 21
67 0 67 9
68 238 68 249
68 226 68 237
68 214 68 225
68 190 68 201
68 178 68 189
68 166 68 177
68 142 68 153
68 118 68 129
68 106 68 117
68 94 68 105
68 70 68 81
68 58 68 69
68 46 68 57
68 22 68 33
68 10 68 21
68 0 68 9
69 238 69 249
69 226 69 237
69 214 69 225
69 202 69 213
69 190 69 201
69 178 69 189
69 166 69 177
69 154 69 165
69 142 69 153
69 130 69 141
69 118 69 129
69 106 69 117
69 82 69 93
69 70 69 81
69 58 69 69
69 46 69 57
69 34 69 45
69 22 69 33
69 10 69 21
69 0 69 9
70 238 70 249
70 226 70 237
70 214 70 225
70 202 70 213
70 190 70 201
70 178 70 189
70 166 70 177
70 142 70 153
70 130 70 141
70 118 70 129
70 106 70 117
70 94 70 105
70 82 70 93
70 70 70 81
70 58 70 69
70 34 70 45
70 22 70 33
70 10 70 21
70 0 70 9
71 238 71 249
71 226 71 237
71 190 71 201
71 178 71 189
71 166 71 177
71 154 71 165
71 142 71 153
71 130 71 141
71 118 71 129
71 106 71 117
71 94 71 105
71 82 71 93
71 70 71 81
71 58 71 69
71 46 71 57
71 34 71 45
71 10 71 21
72 238 72 249
72 214 72 225
72 202 72 213
72 190 72 201
72 178 72 189
72 166 72 177
72 154 72 165
72 130 72 141
72 118 72 129
72 106 72 117
72 94 72 105
72 82 72 93
72 70 72 81
72 58 72 69
72 46 72 57
72 34 72 45
72 22 72 33
72 10 72 21
73 238 73 249
73 226 73 237
73 214 73 225
73 202 73 213
73 190 73 201
73 178 73 189
73 166 73 177
73 142 73 153
73 130 73 141
73 118 73 129
73 106 73 117
73 82 73 93
73 70 73 81
73 58 73 69
73 46 73 57
73 22 73 33
73 10 73 21
74 238 74 249
74 226 74 237
74 202 74 213
74 190 74 201
74 178 74 189
74 166 74 177
74 154 74 165
74 130 74 141
74 118 74 129
74 106 74 117
74 94 74 105
74 82 74 93
74 70 74 81
74 58 74 69
74 46 74 57
74 34 74 45
74 22 74 33
74 10 74 21
75 226 75 237
75 214 75 225
75 202 75 213
75 190 75 201
75 178 75 189
75 166 75 177
75 142 75 153
75 130 75 141
75 118 75 129
75 94 75 105
75 70 75 81
75 58 75 69
75 46 75 57
75 34 75 45
75 22 75 33
75 10 75 21
75 0 75 9
76 238 76 249
76 226 76 237
76 214 76 225
76 202 76 213
76 190 76 201
76 154 76 165
76 142 76 153
76 130 76 141
76 118 76 129
76 106 76 117
76 94 76 105
76 70 76 81
76 58 76 69
76 34 76 45
76 22 76 33
76 10 76 21
76 0 76 9
77 238 77 249
77 226 77 237
77 202 77 213
77 190 77 201
77 178 77 189
77 166 77 177
77 154 77 165
77 130 77 141
77 118 77 129
77 94 77 105
77 82 77 93
77 70 77 81
77 58 77 69
77 46 77 57
77 34 77 45
77 22 77 33
77 10 77 21
77 0 77 9
78 238 78 249
78 226 78 237
78 214 78 225
78 202 78 213
78 190 78 201
78 178 78 189
78 166 78 177
78 154 78 165
78 130 78 141
78 118 78 129
78 94 78 105
78 82 78 93
78 70 78 81
78 58 78 69
78 46 78 57
78 34 78 45
78 22 78 33
78 10 78 21
78 0 78 9
79 238 79 249
79 226 79 237
79 214 79 225
79 202 79 213
79 178 79 189
79 166 79 177
79 142 79 153
79 130 79 141
79 118 79 129
79 106 79 117
79 94 79 105
79 82 79 93
79 58 79 69
79 46 79 57
79 34 79 45
79 22 79 33
79 10 79 21
80 238 80 249
80 226 80 237
80 214 80 225
80 202 80 213
80 190 80 201
80 178 80 189
80 166 80 177
80 154 80 165
80 142 80 153
80 118 80 129
80 106 80 117
80 94 80 105
80 82 80 93
80 70 80 81
80 58 80 69
80 46 80 57
80 34 80 45
80 22 80 33
80 0 80 9
81 238 81 249
81 226 81 237
81 202 81 213
81 178 81 189
81 166 81 177
81 130 81 141
81 118 81 129
81 106 81 117
81 94 81 105
81 82 81 93
81 58 81 69
81 46 81 57
81 34 81 45
81 22 81 33
81 10 81 21
81 0 81 9
82 238 82 249
82 226 82 237
82 214 82 225
82 202 82 213
82 190 82 201
82 178 82 189
82 166 82 177
82 142 82 153
82 130 82 141
82 118 82 129
82 106 82 117
82 94 82 105
82 82 82 93
82 70 82 81
82 58 82 69
82 46 82 57
82 34 82 45
82 22 82 33
82 10 82 21
82 0 82 9
83 238 83 249
83 226 83 237
83 214 83 225
83 190 83 201
83 178 83 189
83 166 83 177
83 130 83 141
83 118 83 129
83 106 83 117
83 94 83 105
83 82 83 93
83 70 83 81
83 58 83 69
83 46 83 57
83 34 83 45
83 22 83 33
83 10 83 21
83 0 83 9
84 238 84 249
84 214 84 225
84 202 84 213
84 166 84 177
84 154 84 165
84 142 84 153
84 130 84 141
84 118 84 129
84 106 84 117
84 94 84 105
84 70 84 81
84 46 84 57
84 22 84 33
84 10 84 21
85 238 85 249
85 226 85 237
85 214 85 225
85 202 85 213
85 190 85 201
85 178 85 189
85 166 85 177
85 154 85 165
85 142 85 153
85 130 85 141
85 94 85 105
85 82 85 93
85 70 85 81
85 58 85 69
85 46 85 57
85 34 85 45
85 22 85 33
86 238 86 249
86 226 86 237
86 214 86 225
86 202 86 213
86 190 86 201
86 178 86 189
86 166 86 177
86 154 86 165
86 142 86 153
86 130 86 141
86 118 86 129
86 106 86 117
86 94 86 105
86 82 86 93
86 58 86 69
86 46 86 57
86 34 86 45
86 22 86 33
86 10 86 21
86 0 86 9
87 238 87 249
87 226 87 237
87 202 87 213
87 190 87 201
87 178 87 189
87 166 87 177
87 154 87 165
87 130 87 141
87 106 87 117
87 94 87 105
87 82 87 93
87 58 87 69
87 46 87 57
87 34 87 45
87 22 87 33
87 0 87 9
88 238 88 249
88 226 88 237
88 214 88 225
88 190 88 201
88 178 88 189
88 166 88 177
88 142 88 153
88 130 88 141
88 118 88 129
88 94 88 105
88 82 88 93
88 70 88 81
88 58 88 69
88 46 88 57
88 34 88 45
88 10 88 21
88 0 88 9
89 238 89 249
89 226 89 237
89 214 89 225
89 190 89 201
89 178 89 189
89 166 89 177
89 154 89 165
89 142 89 153
89 118 89 129
89 106 89 117
89 94 89 105
89 82 89 93
89 70 89 81
89 58 89 69
89 46 89 57
89 22 89 33
89 0 89 9
90 238 90 249
90 226 90 237
90 202 90 213
90 190 90 201
90 178 90 189
90 166 90 177
90 154 90 165
90 130 90 141
90 118 90 129
90 106 90 117
90 94 90 105
90 82 90 93
90 70 90 81
90 58 90 69
90 46 90 57
90 34 90 45
90 22 90 33
91 238 91 249
91 226 91 237
91 214 91 225
91 202 91 213
91 190 91 201
91 178 91 189
91 166 91 177
91 142 91 153
91 130 91 141
91 118 91 129
91 106 91 117
91 94 91 105
91 82 91 93
91 70 91 81
91 58 91 69
91 22 91 33
91 10 91 21
91 0 91 9
92 238 92 249
92 202 92 213
92 190 92 201
92 178 92 189
92 166 92 177
92 154 92 165
92 142 92 153
92 130 92 141
92 106 92 117
92 94 92 105
92 82 92 93
92 70 92 81
92 58 92 69
92 46 92 57
92 34 92 45
92 22 92 33
92 0 92 9
93 226 93 237
93 214 93 225
93 202 93 213
93 190 93 201
93 178 93 189
93 166 93 177
93 154 93 165
93 142 93 153
93 130 93 141
93 118 93 129
93 94 93 105
93 82 93 93
93 70 93 81
93 58 93 69
93 46 93 57
93 34 93 45
93 22 93 33
93 10 93 21
94 238 94 249
94 226 94 237
94 214 94 225
94 202 94 213
94 190 94 201
94 178 94 189
94 166 94 177
94 154 94 165
94 142 94 153
94 130 94 141
94 118 94 129
94 106 94 117
94 82 94 93
94 70 94 81
94 58 94 69
94 46 94 57
94 34 94 45
94 22 94 33
94 10 94 21
94 0 94 9
95 238 95 249
95 226 95 237
95 214 95 225
95 202 95 213
95 190 95 201
95 166 95 177
95 154 95 165
95 142 95 153
95 130 95 141
95 118 95 129
95 106 95 117
95 82 95 93
95 70 95 81
95 58 95 69
95 46 95 57
95 22 95 33
95 10 95 21
95 0 95 9
96 238 96 249
96 226 96 237
96 214 96 225
96 202 96 213
96 190 96 201
96 178 96 189
96 166 96 177
96 154 96 165
96 142 96 153
96 106 96 117
96 94 96 105
96 82 96 93
96 70 96 81
96 22 96 33
96 10 96 21
96 0 96 9
97 238 97 249
97 226 97 237
97 214 97 225
97 202 97 213
97 190 97 201
97 178 97 189
97 166 97 177
97 154 97 165
97 142 97 153
97 130 97 141
97 118 97 129
97 94 97 105
97 82 97 93
97 70 97 81
97 58 97 69
97 46 97 57
97 34 97 45
97 22 97 33
97 10 97 21
98 238 98 249
98 226 98 237
98 214 98 225
98 190 98 201
98 178 98 189
98 166 98 177
98 154 98 165
98 142 98 153
98 130 98 141
98 118 98 129
98 106 98 117
98 82 98 93
98 70 98 81
98 58 98 69
98 46 98 57
98 34 98 45
98 22 98 33
98 10 98 21
99 238 99 249
99 214 99 225
99 202 99 213
99 178 99 189
99 166 99 177
99 154 99 165
99 142 99 153
99 130 99 141
99 118 99 129
99 106 99 117
99 94 99 105
99 82 99 93
99 58 99 69
99 46 99 57
99 34 99 45
99 22 99 33
99 0 99 9
100 238 100 249
100 226 100 237
100 202 100 213
100 190 100 201
100 178 100 189
100 166 100 177
100 154 100 165
100 142 100 153
100 130 100 141
100 118 100 129
100 94 100 105
100 82 100 93
100 70 100 81
100 58 100 69
100 46 100 57
100 34 100 45
100 22 100 33
100 10 100 21
100 0 100 9
101 238 101 249
101 226 101 237
101 214 101 225
101 202 101 213
101 166 101 177
101 142 101 153
101 130 101 141
101 118 101 129
101 106 101 117
101 94 101 105
101 70 101 81
101 58 101 69
101 46 101 57
101 34 101 45
101 22 101 33
101 10 101 21
102 238 102 249
102 226 102 237
102 214 102 225
102 202 102 213
102 178 102 189
102 166 102 177
102 154 102 165
102 142 102 153
102 130 102 141
102 118 102 129
102 106 102 117
102 82 102 93
102 70 102 81
102 58 102 69
102 46 102 57
102 34 102 45
102 22 102 33
102 10 102 21
103 238 103 249
103 226 103 237
103 214 103 225
103 202 103 213
103 166 103 177
103 154 103 165
103 142 103 153
103 130 103 141
103 106 103 117
103 82 103 93
103 70 103 81
103 46 103 57
103 34 103 45
103 22 103 33
103 10 103 21
103 0 103 9
104 238 104 249
104 226 104 237
104 214 104 225
104 202 104 213
104 190 104 201
104 178 104 189
104 166 104 177
104 154 104 165
104 142 104 153
104 130 104 141
104 118 104 129
104 106 104 117
104 94 104 105
104 82 104 93
104 70 104 81
104 46 104 57
104 34 104 45
104 22 104 33
104 10 104 21
105 238 105 249
105 226 105 237
105 202 105 213
105 190 105 201
105 178 105 189
105 166 105 177
105 154 105 165
105 142 105 153
105 130 105 141
105 118 105 129
105 106 105 117
105 94 105 105
105 82 105 93
105 58 105 69
105 46 105 57
105 34 105 45
105 22 105 33
105 10 105 21
105 0 105 9
106 238 106 249
106 226 106 237
106 214 106 225
106 190 106 201
106 178 106 189
106 154 106 165
106 142 106 153
106 130 106 141
106 118 106 129
106 106 106 117
106 94 106 105
106 82 106 93
106 70 106 81
106 46 106 57
106 34 106 45
106 22 106 33
106 0 106 9
107 238 107 249
107 226 107 237
107 214 107 225
107 202 107 213
107 178 107 189
107 166 107 177
107 154 107 165
107 142 107 153
107 130 107 141
107 118 107 129
107 106 107 117
107 82 107 93
107 70 107 81
107 58 107 69
107 46 107 57
107 34 107 45
107 10 107 21
107 0 107 9
108 238 108 249
108 226 108 237
108 214 108 225
108 202 108 213
108 190 108 201
108 178 108 189
108 166 108 177
108 154 108 165
108 142 108 153
108 118 108 129
108 106 108 117
108 94 108 105
108 82 108 93
108 70 108 81
108 58 108 69
108 46 108 57
108 0 108 9
109 238 109 249
109 226 109 237
109 214 109 225
109 190 109 201
109 178 109 189
109 154 109 165
109 142 109 153
109 130 109 141
109 118 109 129
109 106 109 117
109 94 109 105
109 82 109 93
109 70 109 81
109 58 109 69
109 46 109 57
109 34 109 45
109 22 109 33
109 10 109 21
109 0 109 9
110 238 110 249
110 214 110 225
110 202 110 213
110 190 110 201
110 178 110 189
110 166 110 177
110 154 110 165
110 106 110 117
110 94 110 105
110 82 110 93
110 70 110 81
110 46 110 57
110 34 110 45
110 22 110 33
110 10 110 21
110 0 110 9
111 238 111 249
111 226 111 237
111 214 111 225
111 202 111 213
111 190 111 201
111 178 111 189
111 142 111 153
111 130 111 141
111 118 111 129
111 106 111 117
111 94 111 105
111 82 111 93
111 70 111 81
111 58 111 69
111 46 111 57
111 34 111 45
111 22 111 33
112 238 112 249
112 226 112 237
112 214 112 225
112 202 112 213
112 190 112 201
112 178 112 189
112 166 112 177
112 154 112 165
112 142 112 153
112 130 112 141
112 118 112 129
112 106 112 117
112 82 112 93
112 70 112 81
112 58 112 69
112 46 112 57
112 34 112 45
112 22 112 33
112 10 112 21
112 0 112 9
113 238 113 249
113 226 113 237
113 214 113 225
113 202 113 213
113 178 113 189
113 166 113 177
113 154 113 165
113 142 113 153
113 130 113 141
113 118 113 129
113 106 113 117
113 94 113 105
113 82 113 93
113 70 113 81
113 58 113 69
113 34 113 45
113 22 113 33
113 0 113 9
114 238 114 249
114 202 114 213
114 190 114 201
114 178 114 189
114 166 114 177
114 154 114 165
114 142 114 153
114 130 114 141
114 118 114 129
114 106 114 117
114 94 114 105
114 82 114 93
114 70 114 81
114 58 114 69
114 46 114 57
114 34 114 45
114 22 114 33
114 10 114 21
114 0 114 9
115 238 115 249
115 226 115 237
115 214 115 225
115 190 115 201
115 178 115 189
115 142 115 153
115 130 115 141
115 118 115 129
115 106 115 117
115 94 115 105
115 82 115 93
115 58 115 69
115 46 115 57
115 34 115 45
115 22 115 33
115 10 115 21
115 0 115 9
116 226 116 237
116 214 116 225
116 202 116 213
116 190 116 201
116 178 116 189
116 166 116 177
116 154 116 165
116 142 116 153
116 130 116 141
116 118 116 129
116 106 116 117
116 94 116 105
116 82 116 93
116 70 116 81
116 58 116 69
116 46 116 57
116 34 116 45
116 10 116 21
117 238 117 249
117 226 117 237
117 214 117 225
117 202 117 213
117 190 117 201
117 178 117 189
117 166 117 177
117 154 117 165
117 142 117 153
117 118 117 129
117 106 117 117
117 94 117 105
117 82 117 93
117 70 117 81
117 58 117 69
117 46 117 57
117 34 117 45
117 10 117 21
118 238 118 249
118 214 118 225
118 202 118 213
118 190 118 201
118 178 118 189
118 166 118 177
118 154 118 165
118 142 118 153
118 130 118 141
118 118 118 129
118 106 118 117
118 94 118 105
118 82 118 93
118 70 118 81
118 58 118 69
118 46 118 57
118 34 118 45
118 22 118 33
118 10 118 21
118 0 118 9
119 238 119 249
119 226 119 237
119 214 119 225
119 202 119 213
119 190 119 201
119 178 119 189
119 142 119 153
119 118 119 129
119 106 119 117
119 94 119 105
119 82 119 93
119 70 119 81
119 58 119 69
119 46 119 57
119 22 119 33
119 10 119 21
120 238 120 249
120 226 120 237
120 214 120 225
120 202 120 213
120 190 120 201
120 178 120 189
120 166 120 177
120 142 120 153
120 130 120 141
120 118 120 129
120 94 120 105
120 82 120 93
120 70 120 81
120 58 120 69
120 46 120 57
120 34 120 45
120 10 120 21
120 0 120 9
121 238 121 249
121 226 121 237
121 214 121 225
121 202 121 213
121 190 121 201
121 166 121 177
121 154 121 165
121 118 121 129
121 106 121 117
121 94 121 105
121 82 121 93
121 58 121 69
121 34 121 45
121 22 121 33
121 10 121 21
121 0 121 9
122 238 122 249
122 226 122 237
122 214 122 225
122 190 122 201
122 166 122 177
122 154 122 165
122 130 122 141
122 118 122 129
122 106 122 117
122 94 122 105
122 82 122 93
122 70 122 81
122 58 122 69
122 46 122 57
122 22 122 33
122 10 122 21
123 238 123 249
123 226 123 237
123 202 123 213
123 190 123 201
123 178 123 189
123 166 123 177
123 154 123 165
123 142 123 153
123 130 123 141
123 106 123 117
123 94 123 105
123 70 123 81
123 58 123 69
123 46 123 57
123 34 123 45
123 22 123 33
123 10 123 21
124 238 124 249
124 214 124 225
124 178 124 189
124 166 124 177
124 154 124 165
124 142 124 153
124 130 124 141
124 118 124 129
124 106 124 117
124 94 124 105
124 82 124 93
124 70 124 81
124 58 124 69
124 46 124 57
124 34 124 45
124 10 124 21
124 0 124 9
125 226 125 237
125 214 125 225
125 202 125 213
125 190 125 201
125 178 125 189
125 166 125 177
125 154 125 165
125 130 125 141
125 118 125 129
125 106 125 117
125 94 125 105
125 82 125 93
125 34 125 45
125 22 125 33
125 10 125 21
126 238 126 249
126 214 126 225
126 190 126 201
126 178 126 189
126 142 126 153
126 130 126 141
126 118 126 129
126 106 126 117
126 94 126 105
126 82 126 93
126 46 126 57
126 34 126 45
126 10 126 21
127 238 127 249
127 226 127 237
127 214 127 225
127 202 127 213
127 166 127 177
127 154 127 165
127 142 127 153
127 130 127 141
127 118 127 129
127 106 127 117
127 94 127 105
127 70 127 81
127 58 127 69
127 46 127 57
127 22 127 33
127 10 127 21
127 0 127 9
128 238 128 249
128 214 128 225
128 202 128 213
128 190 128 201
128 178 128 189
128 166 128 177
128 154 128 165
128 142 128 153
128 130 128 141
128 118 128 129
128 94 128 105
128 82 128 93
128 70 128 81
128 58 128 69
128 34 128 45
128 22 128 33
128 10 128 21
128 0 128 9
129 226 129 237
129 214 129 225
129 202 129 213
129 190 129 201
129 178 129 189
129 166 129 177
129 154 129 165
129 142 129 153
129 118 129 129
129 106 129 117
129 94 129 105
129 82 129 93
129 46 129 57
129 22 129 33
129 10 129 21
130 238 130 249
130 226 130 237
130 214 130 225
130 202 130 213
130 190 130 201
130 178 130 189
130 166 130 177
130 154 130 165
130 142 130 153
130 118 130 129
130 106 130 117
130 94 130 105
130 82 130 93
130 70 130 81
130 58 130 69
130 46 130 57
130 34 130 45
130 22 130 33
130 10 130 21
130 0 130 9
131 238 131 249
131 226 131 237
131 214 131 225
131 202 131 213
131 190 131 201
131 166 131 177
131 154 131 165
131 142 131 153
131 130 131 141
131 106 131 117
131 94 131 105
131 82 131 93
131 70 131 81
131 58 131 69
131 46 131 57
131 34 131 45
131 22 131 33
131 0 131 9
132 226 132 237
132 214 132 225
132 202 132 213
132 190 132 201
132 142 132 153
132 130 132 141
132 118 132 129
132 106 132 117
132 94 132 105
132 82 132 93
132 70 132 81
132 58 132 69
132 46 132 57
132 34 132 45
132 22 132 33
132 0 132 9
133 238 133 249
133 226 133 237
133 214 133 225
133 202 133 213
133 190 133 201
133 178 133 189
133 166 133 177
133 154 133 165
133 142 133 153
133 130 133 141
133 118 133 129
133 70 133 81
133 46 133 57
133 34 133 45
133 22 133 33
133 10 133 21
134 238 134 249
134 226 134 237
134 214 134 225
134 190 134 201
134 178 134 189
134 154 134 165
134 142 134 153
134 118 134 129
134 106 134 117
134 94 134 105
134 82 134 93
134 70 134 81
134 58 134 69
134 34 134 45
134 10 134 21
135 238 135 249
135 226 135 237
135 214 135 225
135 202 135 213
135 190 135 201
135 178 135 189
135 166 135 177
135 154 135 165
135 142 135 153
135 118 135 129
135 106 135 117
135 94 135 105
135 82 135 93
135 70 135 81
135 58 135 69
135 46 135 57
135 34 135 45
135 22 135 33
135 10 135 21
135 0 135 9
136 238 136 249
136 226 136 237
136 214 136 225
136 202 136 213
136 178 136 189
136 166 136 177
136 154 136 165
136 142 136 153
136 130 136 141
136 106 136 117
136 94 136 105
136 82 136 93
136 70 136 81
136 58 136 69
136 34 136 45
136 22 136 33
137 226 137 237
137 214 137 225
137 202 137 213
137 190 137 201
137 178 137 189
137 166 137 177
137 154 137 165
137 142 137 153
137 130 137 141
137 94 137 105
137 82 137 93
137 70 137 81
137 58 137 69
137 46 137 57
137 34 137 45
137 22 137 33
137 10 137 21
137 0 137 9
138 238 138 249
138 226 138 237
138 214 138 225
138 202 138 213
138 178 138 189
138 166 138 177
138 154 138 165
138 130 138 141
138 118 138 129
138 106 138 117
138 82 138 93
138 70 138 81
138 58 138 69
138 46 138 57
138 34 138 45
138 22 138 33
138 0 138 9
139 238 139 249
139 226 139 237
139 214 139 225
139 202 139 213
139 190 139 201
139 178 139 189
139 166 139 177
139 142 139 153
139 130 139 141
139 118 139 129
139 106 139 117
139 70 139 81
139 58 139 69
139 46 139 57
139 34 139 45
139 22 139 33
139 10 139 21
139 0 139 9
140 238 140 249
140 214 140 225
140 202 140 213
140 178 140 189
140 166 140 177
140 154 140 165
140 130 140 141
140 118 140 129
140 106 140 117
140 70 140 81
140 58 140 69
140 34 140 45
140 22 140 33
140 10 140 21
140 0 140 9
141 238 141 249
141 226 141 237
141 214 141 225
141 202 141 213
141 190 141 201
141 178 141 189
141 166 141 177
141 154 141 165
141 142 141 153
141 130 141 141
141 118 141 129
141 106 141 117
141 94 141 105
141 82 141 93
141 70 141 81
141 58 141 69
141 46 141 57
141 34 141 45
141 22 141 33
141 10 141 21
141 0 141 9
142 238 142 249
142 226 142 237
142 214 142 225
142 202 142 213
142 190 142 201
142 166 142 177
142 154 142 165
142 142 142 153
142 130 142 141
142 118 142 129
142 106 142 117
142 94 142 105
142 82 142 93
142 70 142 81
142 58 142 69
142 34 142 45
142 22 142 33
142 10 142 21
142 0 142 9
143 238 143 249
143 226 143 237
143 214 143 225
143 202 143 213
143 190 143 201
143 178 143 189
143 166 143 177
143 154 143 165
143 142 143 153
143 130 143 141
143 118 143 129
143 106 143 117
143 94 143 105
143 82 143 93
143 46 143 57
143 34 143 45
143 22 143 33
143 10 143 21
143 0 143 9
144 238 144 249
144 202 144 213
144 190 144 201
144 178 144 189
144 166 144 177
144 154 144 165
144 142 144 153
144 130 144 141
144 118 144 129
144 106 144 117
144 70 144 81
144 58 144 69
144 34 144 45
144 22 144 33
144 10 144 21
144 0 144 9
145 238 145 249
145 226 145 237
145 214 145 225
145 202 145 213
145 190 145 201
145 178 145 189
145 166 145 177
145 142 145 153
145 130 145 141
145 106 145 117
145 94 145 105
145 70 145 81
145 58 145 69
145 46 145 57
145 34 145 45
145 22 145 33
145 0 145 9
146 238 146 249
146 226 146 237
146 214 146 225
146 202 146 213
146 190 146 201
146 178 146 189
146 166 146 177
146 154 146 165
146 142 146 153
146 130 146 141
146 118 146 129
146 94 146 105
146 82 146 93
146 70 146 81
146 58 146 69
146 46 146 57
146 34 146 45
146 22 146 33
146 10 146 21
146 0 146 9
147 202 147 213
147 178 147 189
147 166 147 177
147 154 147 165
147 142 147 153
147 130 147 141
147 118 147 129
147 106 147 117
147 94 147 105
147 82 147 93
147 70 147 81
147 58 147 69
147 34 147 45
147 10 147 21
147 0 147 9
148 238 148 249
148 226 148 237
148 214 148 225
148 202 148 213
148 190 148 201
148 178 148 189
148 166 148 177
148 142 148 153
148 118 148 129
148 106 148 117
148 82 148 93
148 58 148 69
148 46 148 57
148 10 148 21
148 0 148 9
149 238 149 249
149 226 149 237
149 214 149 225
149 202 149 213
149 190 149 201
149 178 149 189
149 166 149 177
149 154 149 165
149 142 149 153
149 118 149 129
149 106 149 117
149 94 149 105
149 70 149 81
149 58 149 69
149 46 149 57
149 22 149 33
150 238 150 249
150 214 150 225
150 202 150 213
150 190 150 201
150 178 150 189
150 154 150 165
150 130 150 141
150 118 150 129
150 106 150 117
150 94 150 105
150 82 150 93
150 70 150 81
150 58 150 69
150 46 150 57
150 34 150 45
150 22 150 33
150 10 150 21
151 226 151 237
151 214 151 225
151 202 151 213
151 190 151 201
151 178 151 189
151 154 151 165
151 142 151 153
151 130 151 141
151 118 151 129
151 106 151 117
151 94 151 105
151 70 151 81
151 58 151 69
151 46 151 57
151 34 151 45
151 22 151 33
151 10 151 21
151 0 151 9
152 238 152 249
152 214 152 225
152 202 152 213
152 190 152 201
152 178 152 189
152 166 152 177
152 154 152 165
152 142 152 153
152 130 152 141
152 118 152 129
152 106 152 117
152 70 152 81
152 58 152 69
152 22 152 33
152 10 152 21
152 0 152 9
153 238 153 249
153 226 153 237
153 214 153 225
153 202 153 213
153 190 153 201
153 178 153 189
153 166 153 177
153 154 153 165
153 142 153 153
153 130 153 141
153 118 153 129
153 106 153 117
153 94 153 105
153 82 153 93
153 70 153 81
153 58 153 69
153 46 153 57
153 22 153 33
153 10 153 21
154 238 154 249
154 226 154 237
154 214 154 225
154 202 154 213
154 178 154 189
154 166 154 177
154 154 154 165
154 142 154 153
154 130 154 141
154 118 154 129
154 106 154 117
154 94 154 105
154 70 154 81
154 58 154 69
154 46 154 57
154 22 154 33
154 0 154 9
155 238 155 249
155 226 155 237
155 214 155 225
155 202 155 213
155 190 155 201
155 178 155 189
155 166 155 177
155 154 155 165
155 142 155 153
155 130 155 141
155 118 155 129
155 106 155 117
155 94 155 105
155 82 155 93
155 70 155 81
155 58 155 69
155 46 155 57
155 34 155 45
155 22 155 33
155 10 155 21
156 238 156 249
156 226 156 237
156 202 156 213
156 190 156 201
156 178 156 189
156 142 156 153
156 130 156 141
156 118 156 129
156 106 156 117
156 94 156 105
156 82 156 93
156 70 156 81
156 58 156 69
156 46 156 57
156 34 156 45
156 22 156 33
156 10 156 21
157 238 157 249
157 226 157 237
157 214 157 225
157 202 157 213
157 190 157 201
157 178 157 189
157 166 157 177
157 154 157 165
157 142 157 153
157 130 157 141
157 118 157 129
157 106 157 117
157 94 157 105
157 82 157 93
157 58 157 69
157 46 157 57
157 34 157 45
157 22 157 33
157 10 157 21
157 0 157 9
158 238 158 249
158 226 158 237
158 214 158 225
158 202 158 213
158 190 158 201
158 178 158 189
158 166 158 177
158 154 158 165
158 142 158 153
158 130 158 141
158 118 158 129
158 106 158 117
158 94 158 105
158 82 158 93
158 70 158 81
158 58 158 69
158 46 158 57
158 34 158 45
158 22 158 33
158 10 158 21
158 0 158 9
159 238 159 249
159 226 159 237
159 214 159 225
159 202 159 213
159 190 159 201
159 178 159 189
159 166 159 177
159 154 159 165
159 130 159 141
159 118 159 129
159 106 159 117
159 94 159 105
159 82 159 93
159 70 159 81
159 58 159 69
159 46 159 57
159 34 159 45
159 22 159 33
159 10 159 21
160 238 160 249
160 226 160 237
160 214 160 225
160 202 160 213
160 190 160 201
160 166 160 177
160 142 160 153
160 130 160 141
160 118 160 129
160 106 160 117
160 94 160 105
160 82 160 93
160 70 160 81
160 58 160 69
160 46 160 57
160 34 160 45
160 22 160 33
161 238 161 249
161 226 161 237
161 202 161 213
161 190 161 201
161 178 161 189
161 166 161 177
161 154 161 165
161 142 161 153
161 130 161 141
161 118 161 129
161 106 161 117
161 94 161 105
161 82 161 93
161 58 161 69
161 46 161 57
161 34 161 45
161 22 161 33
161 10 161 21
161 0 161 9
162 238 162 249
162 214 162 225
162 202 162 213
162 190 162 201
162 178 162 189
162 166 162 177
162 142 162 153
162 118 162 129
162 106 162 117
162 94 162 105
162 82 162 93
162 70 162 81
162 58 162 69
162 46 162 57
162 34 162 45
162 22 162 33
162 10 162 21
162 0 162 9
163 238 163 249
163 226 163 237
163 214 163 225
163 202 163 213
163 190 163 201
163 178 163 189
163 154 163 165
163 130 163 141
163 118 163 129
163 94 163 105
163 82 163 93
163 70 163 81
163 34 163 45
163 22 163 33
163 10 163 21
163 0 163 9
164 238 164 249
164 226 164 237
164 214 164 225
164 202 164 213
164 190 164 201
164 178 164 189
164 166 164 177
164 154 164 165
164 142 164 153
164 118 164 129
164 106 164 117
164 94 164 105
164 70 164 81
164 46 164 57
164 34 164 45
164 22 164 33
164 10 164 21
165 226 165 237
165 202 165 213
165 190 165 201
165 166 165 177
165 142 165 153
165 130 165 141
165 118 165 129
165 106 165 117
165 94 165 105
165 70 165 81
165 58 165 69
165 46 165 57
165 34 165 45
165 22 165 33
165 10 165 21
166 238 166 249
166 226 166 237
166 214 166 225
166 202 166 213
166 190 166 201
166 178 166 189
166 166 166 177
166 154 166 165
166 130 166 141
166 106 166 117
166 94 166 105
166 82 166 93
166 70 166 81
166 58 166 69
166 46 166 57
166 22 166 33
166 10 166 21
166 0 166 9
167 238 167 249
167 226 167 237
167 214 167 225
167 202 167 213
167 190 167 201
167 178 167 189
167 166 167 177
167 154 167 165
167 142 167 153
167 130 167 141
167 118 167 129
167 106 167 117
167 94 167 105
167 82 167 93
167 70 167 81
167 58 167 69
167 46 167 57
167 34 167 45
167 22 167 33
167 10 167 21
168 238 168 249
168 226 168 237
168 214 168 225
168 202 168 213
168 190 168 201
168 178 168 189
168 166 168 177
168 154 168 165
168 142 168 153
168 106 168 117
168 94 168 105
168 82 168 93
168 70 168 81
168 34 168 45
168 10 168 21
168 0 168 9
169 238 169 249
169 226 169 237
169 214 169 225
169 202 169 213
169 190 169 201
169 178 169 189
169 166 169 177
169 154 169 165
169 142 169 153
169 130 169 141
169 118 169 129
169 94 169 105
169 70 169 81
169 58 169 69
169 34 169 45
169 22 169 33
169 10 169 21
169 0 169 9
170 238 170 249
170 226 170 237
170 202 170 213
170 190 170 201
170 166 170 177
170 154 170 165
170 142 170 153
170 130 170 141
170 118 170 129
170 106 170 117
170 94 170 105
170 82 170 93
170 70 170 81
170 58 170 69
170 46 170 57
170 22 170 33
170 10 170 21
171 238 171 249
171 226 171 237
171 214 171 225
171 190 171 201
171 178 171 189
171 166 171 177
171 154 171 165
171 142 171 153
171 130 171 141
171 118 171 129
171 106 171 117
171 94 171 105
171 82 171 93
171 70 171 81
171 46 171 57
171 34 171 45
171 22 171 33
171 10 171 21
171 0 171 9
172 226 172 237
172 214 172 225
172 202 172 213
172 190 172 201
172 178 172 189
172 154 172 165
172 142 172 153
172 130 172 141
172 118 172 129
172 106 172 117
172 94 172 105
172 82 172 93
172 70 172 81
172 58 172 69
172 46 172 57
172 34 172 45
172 22 172 33
172 10 172 21
173 238 173 249
173 226 173 237
173 214 173 225
173 166 173 177
173 142 173 153
173 130 173 141
173 118 173 129
173 82 173 93
173 70 173 81
173 58 173 69
173 46 173 57
173 34 173 45
173 22 173 33
173 10 173 21
174 238 174 249
174 226 174 237
174 214 174 225
174 202 174 213
174 190 174 201
174 178 174 189
174 166 174 177
174 154 174 165
174 142 174 153
174 130 174 141
174 118 174 129
174 106 174 117
174 94 174 105
174 82 174 93
174 70 174 81
174 58 174 69
174 46 174 57
174 34 174 45
174 22 174 33
174 10 174 21
175 238 175 249
175 226 175 237
175 214 175 225
175 202 175 213
175 190 175 201
175 166 175 177
175 154 175 165
175 142 175 153
175 130 175 141
175 118 175 129
175 106 175 117
175 94 175 105
175 82 175 93
175 70 175 81
175 58 175 69
175 46 175 57
175 34 175 45
175 22 175 33
175 10 175 21
175 0 175 9
176 238 176 249
176 226 176 237
176 214 176 225
176 202 176 213
176 190 176 201
176 166 176 177
176 154 176 165
176 142 176 153
176 130 176 141
176 118 176 129
176 106 176 117
176 94 176 105
176 82 176 93
176 70 176 81
176 34 176 45
176 22 176 33
176 10 176 21
177 238 177 249
177 226 177 237
177 214 177 225
177 202 177 213
177 190 177 201
177 166 177 177
177 154 177 165
177 142 177 153
177 130 177 141
177 118 177 129
177 106 177 117
177 94 177 105
177 82 177 93
177 70 177 81
177 46 177 57
177 34 177 45
177 22 177 33
177 0 177 9
178 238 178 249
178 226 178 237
178 214 178 225
178 202 178 213
178 190 178 201
178 178 178 189
178 166 178 177
178 130 178 141
178 118 178 129
178 106 178 117
178 94 178 105
178 82 178 93
178 70 178 81
178 46 178 57
178 34 178 45
178 22 178 33
178 0 178 9
179 238 179 249
179 226 179 237
179 214 179 225
179 202 179 213
179 190 179 201
179 178 179 189
179 166 179 177
179 154 179 165
179 142 179 153
179 130 179 141
179 118 179 129
179 106 179 117
179 94 179 105
179 82 179 93
179 70 179 81
179 58 179 69
179 46 179 57
179 34 179 45
179 22 179 33
179 10 179 21
179 0 179 9
180 238 180 249
180 226 180 237
180 214 180 225
180 202 180 213
180 190 180 201
180 178 180 189
180 154 180 165
180 142 180 153
180 118 180 129
180 106 180 117
180 94 180 105
180 82 180 93
180 70 180 81
180 58 180 69
180 46 180 57
180 34 180 45
180 22 180 33
180 10 180 21
181 238 181 249
181 226 181 237
181 202 181 213
181 190 181 201
181 178 181 189
181 154 181 165
181 142 181 153
181 130 181 141
181 118 181 129
181 106 181 117
181 94 181 105
181 82 181 93
181 70 181 81
181 58 181 69
181 46 181 57
181 34 181 45
181 22 181 33
181 10 181 21
181 0 181 9
182 238 182 249
182 214 182 225
182 202 182 213
182 190 182 201
182 178 182 189
182 154 182 165
182 130 182 141
182 106 182 117
182 94 182 105
182 82 182 93
182 70 182 81
182 58 182 69
182 34 182 45
182 22 182 33
182 10 182 21
183 238 183 249
183 226 183 237
183 214 183 225
183 202 183 213
183 190 183 201
183 178 183 189
183 166 183 177
183 154 183 165
183 142 183 153
183 118 183 129
183 106 183 117
183 94 183 105
183 82 183 93
183 70 183 81
183 58 183 69
183 46 183 57
183 34 183 45
183 22 183 33
183 10 183 21
184 238 184 249
184 226 184 237
184 214 184 225
184 202 184 213
184 190 184 201
184 166 184 177
184 154 184 165
184 142 184 153
184 130 184 141
184 118 184 129
184 106 184 117
184 94 184 105
184 82 184 93
184 58 184 69
184 46 184 57
184 34 184 45
184 22 184 33
184 10 184 21
185 238 185 249
185 226 185 237
185 214 185 225
185 202 185 213
185 190 185 201
185 178 185 189
185 166 185 177
185 142 185 153
185 130 185 141
185 118 185 129
185 106 185 117
185 94 185 105
185 82 185 93
185 70 185 81
185 58 185 69
185 34 185 45
185 22 185 33
185 10 185 21
185 0 185 9
186 238 186 249
186 226 186 237
186 214 186 225
186 202 186 213
186 190 186 201
186 178 186 189
186 166 186 177
186 154 186 165
186 142 186 153
186 130 186 141
186 118 186 129
186 106 186 117
186 94 186 105
186 82 186 93
186 70 186 81
186 58 186 69
186 46 186 57
186 22 186 33
186 10 186 21
187 238 187 249
187 226 187 237
187 214 187 225
187 202 187 213
187 178 187 189
187 166 187 177
187 154 187 165
187 142 187 153
187 130 187 141
187 118 187 129
187 106 187 117
187 82 187 93
187 70 187 81
187 58 187 69
187 46 187 57
187 34 187 45
187 22 187 33
187 10 187 21
188 238 188 249
188 226 188 237
188 214 188 225
188 202 188 213
188 190 188 201
188 178 188 189
188 166 188 177
188 154 188 165
188 142 188 153
188 118 188 129
188 106 188 117
188 94 188 105
188 82 188 93
188 70 188 81
188 58 188 69
188 46 188 57
188 34 188 45
188 22 188 33
188 10 188 21
188 0 188 9
189 238 189 249
189 226 189 237
189 214 189 225
189 202 189 213
189 190 189 201
189 178 189 189
189 166 189 177
189 154 189 165
189 142 189 153
189 118 189 129
189 106 189 117
189 82 189 93
189 70 189 81
189 58 189 69
189 46 189 57
189 22 189 33
189 10 189 21
189 0 189 9
190 238 190 249
190 226 190 237
190 214 190 225
190 202 190 213
190 190 190 201
190 178 190 189
190 166 190 177
190 154 190 165
190 130 190 141
190 118 190 129
190 94 190 105
190 82 190 93
190 70 190 81
190 58 190 69
190 46 190 57
190 10 190 21
191 226 191 237
191 214 191 225
191 202 191 213
191 190 191 201
191 166 191 177
191 154 191 165
191 142 191 153
191 130 191 141
191 118 191 129
191 106 191 117
191 94 191 105
191 82 191 93
191 58 191 69
191 46 191 57
191 34 191 45
191 22 191 33
192 238 192 249
192 226 192 237
192 214 192 225
192 202 192 213
192 178 192 189
192 166 192 177
192 154 192 165
192 142 192 153
192 130 192 141
192 118 192 129
192 94 192 105
192 58 192 69
192 46 192 57
192 34 192 45
192 22 192 33
192 10 192 21
192 0 192 9
193 238 193 249
193 226 193 237
193 214 193 225
193 178 193 189
193 166 193 177
193 154 193 165
193 142 193 153
193 130 193 141
193 118 193 129
193 106 193 117
193 94 193 105
193 82 193 93
193 70 193 81
193 58 193 69
193 46 193 57
193 34 193 45
193 22 193 33
193 10 193 21
194 238 194 249
194 226 194 237
194 190 194 201
194 178 194 189
194 166 194 177
194 154 194 165
194 130 194 141
194 118 194 129
194 106 194 117
194 94 194 105
194 82 194 93
194 70 194 81
194 58 194 69
194 46 194 57
194 22 194 33
194 10 194 21
194 0 194 9
195 238 195 249
195 226 195 237
195 214 195 225
195 178 195 189
195 166 195 177
195 142 195 153
195 106 195 117
195 82 195 93
195 70 195 81
195 58 195 69
195 46 195 57
195 34 195 45
195 22 195 33
195 10 195 21
196 238 196 249
196 226 196 237
196 214 196 225
196 178 196 189
196 166 196 177
196 130 196 141
196 118 196 129
196 106 196 117
196 94 196 105
196 82 196 93
196 70 196 81
196 46 196 57
196 22 196 33
197 238 197 249
197 226 197 237
197 214 197 225
197 190 197 201
197 178 197 189
197 166 197 177
197 154 197 165
197 142 197 153
197 130 197 141
197 118 197 129
197 106 197 117
197 94 197 105
197 70 197 81
197 58 197 69
197 46 197 57
197 34 197 45
197 22 197 33
197 10 197 21
198 238 198 249
198 226 198 237
198 202 198 213
198 190 198 201
198 178 198 189
198 166 198 177
198 154 198 165
198 130 198 141
198 118 198 129
198 94 198 105
198 82 198 93
198 70 198 81
198 58 198 69
198 34 198 45
199 238 199 249
199 226 199 237
199 214 199 225
199 202 199 213
199 190 199 201
199 166 199 177
199 154 199 165
199 142 199 153
199 118 199 129
199 106 199 117
199 82 199 93
199 70 199 81
199 58 199 69
199 46 199 57
199 34 199 45
199 22 199 33
199 10 199 21
